Using pre-set license
Built from '2022.3/staging' branch; Version is '2022.3.10f1 (ff3792e53c62) revision 16725906'; Using compiler version '192829333'; Build Type 'Release'
OS: 'Windows 11  (10.0.22621) 64bit Core' Language: 'en' Physical Memory: 16088 MB
BatchMode: 1, IsHumanControllingUs: 0, StartBugReporterOnCrash: 0, Is64bit: 1, IsPro: 1

COMMAND LINE ARGUMENTS:
C:\Program Files\Unity\Hub\Editor\2022.3.10f1\Editor\Unity.exe
-adb2
-batchMode
-noUpm
-name
AssetImportWorker5
-projectPath
C:/Users/manso/Uproject/challenge_5
-logFile
Logs/AssetImportWorker5.log
-srvPort
56674
Successfully changed project path to: C:/Users/manso/Uproject/challenge_5
C:/Users/manso/Uproject/challenge_5
[UnityMemory] Configuration Parameters - Can be set up in boot.config
    "memorysetup-bucket-allocator-granularity=16"
    "memorysetup-bucket-allocator-bucket-count=8"
    "memorysetup-bucket-allocator-block-size=33554432"
    "memorysetup-bucket-allocator-block-count=8"
    "memorysetup-main-allocator-block-size=16777216"
    "memorysetup-thread-allocator-block-size=16777216"
    "memorysetup-gfx-main-allocator-block-size=16777216"
    "memorysetup-gfx-thread-allocator-block-size=16777216"
    "memorysetup-cache-allocator-block-size=4194304"
    "memorysetup-typetree-allocator-block-size=2097152"
    "memorysetup-profiler-bucket-allocator-granularity=16"
    "memorysetup-profiler-bucket-allocator-bucket-count=8"
    "memorysetup-profiler-bucket-allocator-block-size=33554432"
    "memorysetup-profiler-bucket-allocator-block-count=8"
    "memorysetup-profiler-allocator-block-size=16777216"
    "memorysetup-profiler-editor-allocator-block-size=1048576"
    "memorysetup-temp-allocator-size-main=16777216"
    "memorysetup-job-temp-allocator-block-size=2097152"
    "memorysetup-job-temp-allocator-block-size-background=1048576"
    "memorysetup-job-temp-allocator-reduction-small-platforms=262144"
    "memorysetup-allocator-temp-initial-block-size-main=262144"
    "memorysetup-allocator-temp-initial-block-size-worker=262144"
    "memorysetup-temp-allocator-size-background-worker=32768"
    "memorysetup-temp-allocator-size-job-worker=262144"
    "memorysetup-temp-allocator-size-preload-manager=33554432"
    "memorysetup-temp-allocator-size-nav-mesh-worker=65536"
    "memorysetup-temp-allocator-size-audio-worker=65536"
    "memorysetup-temp-allocator-size-cloud-worker=32768"
    "memorysetup-temp-allocator-size-gi-baking-worker=262144"
    "memorysetup-temp-allocator-size-gfx=262144"
Player connection [35576] Host "[IP] 192.168.100.8 [Port] 0 [Flags] 2 [Guid] 3136604472 [EditorId] 3136604472 [Version] 1048832 [Id] WindowsEditor(7,Mskoll) [Debug] 1 [PackageName] WindowsEditor [ProjectName] Editor" joined multi-casting on [225.0.0.222:54997]...

Player connection [35576] Host "[IP] 192.168.100.8 [Port] 0 [Flags] 2 [Guid] 3136604472 [EditorId] 3136604472 [Version] 1048832 [Id] WindowsEditor(7,Mskoll) [Debug] 1 [PackageName] WindowsEditor [ProjectName] Editor" joined alternative multi-casting on [225.0.0.222:34997]...

[Physics::Module] Initialized MultithreadedJobDispatcher with 15 workers.
Refreshing native plugins compatible for Editor in 17.35 ms, found 3 plugins.
Preloading 0 native plugins for Editor in 0.00 ms.
Initialize engine version: 2022.3.10f1 (ff3792e53c62)
[Subsystems] Discovering subsystems at path C:/Program Files/Unity/Hub/Editor/2022.3.10f1/Editor/Data/Resources/UnitySubsystems
[Subsystems] Discovering subsystems at path C:/Users/manso/Uproject/challenge_5/Assets
GfxDevice: creating device client; threaded=0; jobified=0
Direct3D:
    Version:  Direct3D 11.0 [level 11.1]
    Renderer: NVIDIA GeForce RTX 4050 Laptop GPU (ID=0x28a1)
    Vendor:   NVIDIA
    VRAM:     5935 MB
    Driver:   31.0.15.3640
Initialize mono
Mono path[0] = 'C:/Program Files/Unity/Hub/Editor/2022.3.10f1/Editor/Data/Managed'
Mono path[1] = 'C:/Program Files/Unity/Hub/Editor/2022.3.10f1/Editor/Data/MonoBleedingEdge/lib/mono/unityjit-win32'
Mono config path = 'C:/Program Files/Unity/Hub/Editor/2022.3.10f1/Editor/Data/MonoBleedingEdge/etc'
Using monoOptions --debugger-agent=transport=dt_socket,embedding=1,server=y,suspend=n,address=127.0.0.1:56992
Begin MonoManager ReloadAssembly
Registering precompiled unity dll's ...
Register platform support module: C:/Program Files/Unity/Hub/Editor/2022.3.10f1/Editor/Data/PlaybackEngines/WebGLSupport/UnityEditor.WebGL.Extensions.dll
Register platform support module: C:/Program Files/Unity/Hub/Editor/2022.3.10f1/Editor/Data/PlaybackEngines/AndroidPlayer/UnityEditor.Android.Extensions.dll
Register platform support module: C:/Program Files/Unity/Hub/Editor/2022.3.10f1/Editor/Data/PlaybackEngines/WindowsStandaloneSupport/UnityEditor.WindowsStandalone.Extensions.dll
Registered in 0.031576 seconds.
- Loaded All Assemblies, in  1.441 seconds
Native extension for WindowsStandalone target not found
Native extension for Android target not found
Android Extension - Scanning For ADB Devices 756 ms
Native extension for WebGL target not found
Mono: successfully reloaded assembly
- Finished resetting the current domain, in  1.664 seconds
Domain Reload Profiling: 3100ms
	BeginReloadAssembly (554ms)
		ExecutionOrderSort (0ms)
		DisableScriptedObjects (0ms)
		BackupInstance (0ms)
		ReleaseScriptingObjects (0ms)
		CreateAndSetChildDomain (3ms)
	RebuildCommonClasses (122ms)
	RebuildNativeTypeToScriptingClass (35ms)
	initialDomainReloadingComplete (169ms)
	LoadAllAssembliesAndSetupDomain (554ms)
		LoadAssemblies (559ms)
		RebuildTransferFunctionScriptingTraits (0ms)
		AnalyzeDomain (538ms)
			TypeCache.Refresh (535ms)
				TypeCache.ScanAssembly (484ms)
			ScanForSourceGeneratedMonoScriptInfo (1ms)
			ResolveRequiredComponents (1ms)
	FinalizeReload (1665ms)
		ReleaseScriptCaches (0ms)
		RebuildScriptCaches (0ms)
		SetupLoadedEditorAssemblies (1525ms)
			LogAssemblyErrors (0ms)
			InitializePlatformSupportModulesInManaged (1068ms)
			SetLoadedEditorAssemblies (11ms)
			RefreshPlugins (0ms)
			BeforeProcessingInitializeOnLoad (14ms)
			ProcessInitializeOnLoadAttributes (307ms)
			ProcessInitializeOnLoadMethodAttributes (124ms)
			AfterProcessingInitializeOnLoad (0ms)
			EditorAssembliesLoaded (0ms)
		ExecutionOrderSort2 (0ms)
		AwakeInstancesAfterBackupRestoration (0ms)
========================================================================
Worker process is ready to serve import requests
Begin MonoManager ReloadAssembly
- Loaded All Assemblies, in  1.563 seconds
Refreshing native plugins compatible for Editor in 7.43 ms, found 3 plugins.
Native extension for WindowsStandalone target not found
Native extension for Android target not found
Native extension for WebGL target not found
Package Manager log level set to [2]
[Package Manager] Server::EnsureServerProcessIsRunning -- launch failed, reason: Unity was launched with the -noUpm command-line argument
[Package Manager] UpmClient::Send -- Unable to send message (not connected to UPM process).
[Package Manager] Cannot connect to Unity Package Manager local server
Mono: successfully reloaded assembly
- Finished resetting the current domain, in  1.383 seconds
Domain Reload Profiling: 2944ms
	BeginReloadAssembly (347ms)
		ExecutionOrderSort (0ms)
		DisableScriptedObjects (11ms)
		BackupInstance (0ms)
		ReleaseScriptingObjects (0ms)
		CreateAndSetChildDomain (35ms)
	RebuildCommonClasses (65ms)
	RebuildNativeTypeToScriptingClass (27ms)
	initialDomainReloadingComplete (86ms)
	LoadAllAssembliesAndSetupDomain (1034ms)
		LoadAssemblies (747ms)
		RebuildTransferFunctionScriptingTraits (0ms)
		AnalyzeDomain (508ms)
			TypeCache.Refresh (435ms)
				TypeCache.ScanAssembly (397ms)
			ScanForSourceGeneratedMonoScriptInfo (48ms)
			ResolveRequiredComponents (23ms)
	FinalizeReload (1384ms)
		ReleaseScriptCaches (0ms)
		RebuildScriptCaches (0ms)
		SetupLoadedEditorAssemblies (1040ms)
			LogAssemblyErrors (0ms)
			InitializePlatformSupportModulesInManaged (43ms)
			SetLoadedEditorAssemblies (5ms)
			RefreshPlugins (0ms)
			BeforeProcessingInitializeOnLoad (127ms)
			ProcessInitializeOnLoadAttributes (718ms)
			ProcessInitializeOnLoadMethodAttributes (137ms)
			AfterProcessingInitializeOnLoad (9ms)
			EditorAssembliesLoaded (0ms)
		ExecutionOrderSort2 (0ms)
		AwakeInstancesAfterBackupRestoration (11ms)
Launched and connected shader compiler UnityShaderCompiler.exe after 0.16 seconds
Refreshing native plugins compatible for Editor in 12.69 ms, found 3 plugins.
Preloading 0 native plugins for Editor in 0.00 ms.
Unloading 5751 Unused Serialized files (Serialized files now loaded: 0)
Unloading 86 unused Assets / (0.8 MB). Loaded Objects now: 6212.
Memory consumption went from 230.4 MB to 229.6 MB.
Total: 9.377500 ms (FindLiveObjects: 0.656700 ms CreateObjectMapping: 0.489600 ms MarkObjects: 7.065500 ms  DeleteObjects: 1.162800 ms)

AssetImportParameters requested are different than current active one (requested -> active):
  custom:container-demuxer-ogg: 62fdf1f143b41e24485cea50d1cbac27 -> 
  custom:video-decoder-ogg-theora: a1e56fd34408186e4bbccfd4996cb3dc -> 
  custom:framework-win-MediaFoundation: 216162199b28c13a410421893ffa2e32 -> 
  custom:CustomObjectIndexerAttribute: a3ef5dd2817f97addfee359851a9dba5 -> 
  custom:container-demuxer-webm: 4f35f7cbe854078d1ac9338744f61a02 -> 
  custom:scripting/monoscript/fileName/ViteAereaController.cs: 9da9806b32d4a345f7835e5451843b96 -> 
  custom:container-muxer-webm: aa71ff27fc2769a1b78a27578f13a17b -> 
  custom:video-decoder-webm-vp8: 9c59270c3fd7afecdb556c50c9e8de78 -> 
  custom:SearchIndexIgnoredProperties: e643bd26f0fe6173181afceb89e7c659 -> 
  custom:AudioImporter_EditorPlatform: d09bf68614088b80899f8185d706f6e7 -> 
  custom:video-encoder-webm-vp8: eb34c28f22e8b96e1ab97ce403110664 -> 
  custom:audio-decoder-ogg-vorbis: bf7c407c2cedff20999df2af8eb42d56 -> 
  custom:scripting/monoscript/fileName/GliderFlyingSystem.cs: 23960c3b37041279466c29cfb323afe1 -> 
  custom:audio-encoder-webm-vorbis: bf7c407c2cedff20999df2af8eb42d56 -> 
  custom:scripting/monoscript/fileName/GliderController.cs: a3a552c97ff661b909a1fbac78c136f3 -> 
========================================================================
Received Import Request.
  Time since last request: 1368782.624567 seconds.
  path: Assets/Prefabs/Parachute 1.prefab
  artifactKey: Guid(e127ea7202aecc4469127ccef27a1a76) Importer(2089858483,3d70f49cd1c2eb9ae422958d1c652c6b)
Start importing Assets/Prefabs/Parachute 1.prefab using Guid(e127ea7202aecc4469127ccef27a1a76) Importer(2089858483,3d70f49cd1c2eb9ae422958d1c652c6b) Generated GUIDs only implemented for interfaces!
 -> (artifact id: '38f6beb6ee43900fc4546372a6f432be') in 1.307817 seconds
Number of updated asset objects reloaded before import = 0
Number of asset objects unloaded after import = 31
========================================================================
Received Import Request.
  Time since last request: 0.000104 seconds.
  path: Assets/Sand textures pack/Sand 09
  artifactKey: Guid(98db8dc2a5f2fe64689cc9041726b8ed) Importer(2089858483,0ecaa5967403d082aa24f35e1b516d23)
Start importing Assets/Sand textures pack/Sand 09 using Guid(98db8dc2a5f2fe64689cc9041726b8ed) Importer(2089858483,0ecaa5967403d082aa24f35e1b516d23) Generated GUIDs only implemented for interfaces!
 -> (artifact id: '61a68f34ab911e77cfa2fed058189226') in 0.059986 seconds
Number of updated asset objects reloaded before import = 0
Number of asset objects unloaded after import = 1
========================================================================
Received Import Request.
  Time since last request: 0.000028 seconds.
  path: Assets/FlyingSystem/AircraftFlyingSystem/Demo/Audio
  artifactKey: Guid(5bfd8068e3f2c284fa47277e18990c02) Importer(2089858483,0ecaa5967403d082aa24f35e1b516d23)
Start importing Assets/FlyingSystem/AircraftFlyingSystem/Demo/Audio using Guid(5bfd8068e3f2c284fa47277e18990c02) Importer(2089858483,0ecaa5967403d082aa24f35e1b516d23) Generated GUIDs only implemented for interfaces!
 -> (artifact id: 'bf94b4c8ff182ebc815c19824274b7d3') in 0.087073 seconds
Number of updated asset objects reloaded before import = 0
Number of asset objects unloaded after import = 1
========================================================================
Received Import Request.
  Time since last request: 0.000028 seconds.
  path: Assets/Scenes/main.unity
  artifactKey: Guid(99c9720ab356a0642a771bea13969a05) Importer(2089858483,3d70f49cd1c2eb9ae422958d1c652c6b)
Start importing Assets/Scenes/main.unity using Guid(99c9720ab356a0642a771bea13969a05) Importer(2089858483,3d70f49cd1c2eb9ae422958d1c652c6b) Opening scene 'Assets/Scenes/main.unity additively'
Loaded scene 'Assets/Scenes/main.unity'
	Deserialize:            36.884 ms
	Integration:            381.637 ms
	Integration of assets:  4.724 ms
	Thread Wait Time:       0.215 ms
	Total Operation Time:   423.460 ms
Generated GUIDs only implemented for interfaces!
 -> (artifact id: '2f9a01a83827c549fca24c13feb4ccda') in 0.991993 seconds
Number of updated asset objects reloaded before import = 0
Number of asset objects unloaded after import = 201
========================================================================
Received Import Request.
  Time since last request: 0.000032 seconds.
  path: Assets/FlyingSystem/HelicopterFlyingSystem/Demo/Scenes
  artifactKey: Guid(da17fca85a436f34b8b5b3df86f6b305) Importer(2089858483,0ecaa5967403d082aa24f35e1b516d23)
Start importing Assets/FlyingSystem/HelicopterFlyingSystem/Demo/Scenes using Guid(da17fca85a436f34b8b5b3df86f6b305) Importer(2089858483,0ecaa5967403d082aa24f35e1b516d23) Generated GUIDs only implemented for interfaces!
 -> (artifact id: '73a4fd7bdd5806008df8d362ee03a1a9') in 0.019205 seconds
Number of updated asset objects reloaded before import = 0
Number of asset objects unloaded after import = 1
========================================================================
Received Import Request.
  Time since last request: 0.000082 seconds.
  path: Assets/3D Haven/Free Fantasy Terrain Textures/Textures/1K Resolution/Materials
  artifactKey: Guid(e027871b9211b1a47a8c7c377c3552b9) Importer(2089858483,0ecaa5967403d082aa24f35e1b516d23)
Start importing Assets/3D Haven/Free Fantasy Terrain Textures/Textures/1K Resolution/Materials using Guid(e027871b9211b1a47a8c7c377c3552b9) Importer(2089858483,0ecaa5967403d082aa24f35e1b516d23) Generated GUIDs only implemented for interfaces!
 -> (artifact id: '3459071eed1c921d789e334cfba97a94') in 0.102987 seconds
Number of updated asset objects reloaded before import = 0
Number of asset objects unloaded after import = 1
========================================================================
Received Import Request.
  Time since last request: 0.000102 seconds.
  path: Assets/Scenes/main.unity
  artifactKey: Guid(99c9720ab356a0642a771bea13969a05) Importer(2089858483,0ecaa5967403d082aa24f35e1b516d23)
Start importing Assets/Scenes/main.unity using Guid(99c9720ab356a0642a771bea13969a05) Importer(2089858483,0ecaa5967403d082aa24f35e1b516d23) Generated GUIDs only implemented for interfaces!
 -> (artifact id: '1e7b8b943089230d8bda6c1a8113cd1b') in 0.102705 seconds
Number of updated asset objects reloaded before import = 0
Number of asset objects unloaded after import = 1
========================================================================
Received Import Request.
  Time since last request: 0.000064 seconds.
  path: Assets/Sand textures pack/Sand 06/preview.jpg
  artifactKey: Guid(94de8f5eb8e9a0747860c70a4105c906) Importer(2089858483,0ecaa5967403d082aa24f35e1b516d23)
Start importing Assets/Sand textures pack/Sand 06/preview.jpg using Guid(94de8f5eb8e9a0747860c70a4105c906) Importer(2089858483,0ecaa5967403d082aa24f35e1b516d23) Generated GUIDs only implemented for interfaces!
 -> (artifact id: '5228cc1acdb25d54eae99456110daa74') in 0.343185 seconds
Number of updated asset objects reloaded before import = 0
Number of asset objects unloaded after import = 1
========================================================================
Received Import Request.
  Time since last request: 0.000054 seconds.
  path: Assets/FlyingSystem/CreatureFlyingSystem/Demo/Scripts/BirdController.cs
  artifactKey: Guid(559a43d5a292a2544bd1c0329d8f076a) Importer(2089858483,0ecaa5967403d082aa24f35e1b516d23)
Start importing Assets/FlyingSystem/CreatureFlyingSystem/Demo/Scripts/BirdController.cs using Guid(559a43d5a292a2544bd1c0329d8f076a) Importer(2089858483,0ecaa5967403d082aa24f35e1b516d23) Generated GUIDs only implemented for interfaces!
 -> (artifact id: '7d8217dd853ef9f994b10c0a1c6631b6') in 0.028297 seconds
Number of updated asset objects reloaded before import = 0
Number of asset objects unloaded after import = 1
========================================================================
Received Import Request.
  Time since last request: 0.000032 seconds.
  path: Assets/FlyingSystem/FlyingVehicleFlyingSystem/FlyingVehicleFlyingSystem.cs
  artifactKey: Guid(295c11eab5c1a59438a61af23a1fde38) Importer(2089858483,0ecaa5967403d082aa24f35e1b516d23)
Start importing Assets/FlyingSystem/FlyingVehicleFlyingSystem/FlyingVehicleFlyingSystem.cs using Guid(295c11eab5c1a59438a61af23a1fde38) Importer(2089858483,0ecaa5967403d082aa24f35e1b516d23) Generated GUIDs only implemented for interfaces!
 -> (artifact id: '65ea99d41a2a0f1370c026e5d7b950e8') in 0.020280 seconds
Number of updated asset objects reloaded before import = 0
Number of asset objects unloaded after import = 1
========================================================================
Received Import Request.
  Time since last request: 0.000032 seconds.
  path: Assets/TextMesh Pro/Examples & Extras/Scenes/25 - Sunny Days Example.unity
  artifactKey: Guid(f9b4c22e15cff344ba9fc6542a58dd07) Importer(2089858483,3d70f49cd1c2eb9ae422958d1c652c6b)
Start importing Assets/TextMesh Pro/Examples & Extras/Scenes/25 - Sunny Days Example.unity using Guid(f9b4c22e15cff344ba9fc6542a58dd07) Importer(2089858483,3d70f49cd1c2eb9ae422958d1c652c6b) Opening scene 'Assets/TextMesh Pro/Examples & Extras/Scenes/25 - Sunny Days Example.unity additively'
LightingSettings: switching bake backend from 1 to 0.
Loaded scene 'Assets/TextMesh Pro/Examples & Extras/Scenes/25 - Sunny Days Example.unity'
	Deserialize:            68.165 ms
	Integration:            167.826 ms
	Integration of assets:  57.823 ms
	Thread Wait Time:       32.417 ms
	Total Operation Time:   326.231 ms
Generated GUIDs only implemented for interfaces!
 -> (artifact id: '01fb8b6f88d9cdbb2cc07987d8d6ca0a') in 0.402893 seconds
Number of updated asset objects reloaded before import = 0
Number of asset objects unloaded after import = 24
========================================================================
Received Import Request.
  Time since last request: 0.000092 seconds.
  path: Assets/FlyingSystem/HelicopterFlyingSystem/Demo/Prefabs
  artifactKey: Guid(63d86143c90e5ac4496268ac9108906a) Importer(2089858483,0ecaa5967403d082aa24f35e1b516d23)
Start importing Assets/FlyingSystem/HelicopterFlyingSystem/Demo/Prefabs using Guid(63d86143c90e5ac4496268ac9108906a) Importer(2089858483,0ecaa5967403d082aa24f35e1b516d23) Generated GUIDs only implemented for interfaces!
 -> (artifact id: '28c2e76da85c8e26e6b706c1f5ad732f') in 0.051075 seconds
Number of updated asset objects reloaded before import = 0
Number of asset objects unloaded after import = 1
========================================================================
Received Import Request.
  Time since last request: 0.000069 seconds.
  path: Assets/FlyingSystem/Demo_Main/Scripts/Controllers/ThirdPersonCharacter.cs
  artifactKey: Guid(bac583917b3366844af999a291ed6fd1) Importer(2089858483,0ecaa5967403d082aa24f35e1b516d23)
Start importing Assets/FlyingSystem/Demo_Main/Scripts/Controllers/ThirdPersonCharacter.cs using Guid(bac583917b3366844af999a291ed6fd1) Importer(2089858483,0ecaa5967403d082aa24f35e1b516d23) Generated GUIDs only implemented for interfaces!
 -> (artifact id: '6458df012550975af74694e6e297299b') in 0.034720 seconds
Number of updated asset objects reloaded before import = 0
Number of asset objects unloaded after import = 1
========================================================================
Received Import Request.
  Time since last request: 0.000043 seconds.
  path: Assets/TextMesh Pro/Examples & Extras/Scenes/20 - Input Field with Scrollbar.unity
  artifactKey: Guid(337f92480dd24675aae9e79210fb1ad9) Importer(2089858483,3d70f49cd1c2eb9ae422958d1c652c6b)
Start importing Assets/TextMesh Pro/Examples & Extras/Scenes/20 - Input Field with Scrollbar.unity using Guid(337f92480dd24675aae9e79210fb1ad9) Importer(2089858483,3d70f49cd1c2eb9ae422958d1c652c6b) Opening scene 'Assets/TextMesh Pro/Examples & Extras/Scenes/20 - Input Field with Scrollbar.unity additively'
LightingSettings: switching bake backend from 1 to 0.
Loaded scene 'Assets/TextMesh Pro/Examples & Extras/Scenes/20 - Input Field with Scrollbar.unity'
	Deserialize:            50.816 ms
	Integration:            277.157 ms
	Integration of assets:  1.752 ms
	Thread Wait Time:       -0.044 ms
	Total Operation Time:   329.681 ms
Generated GUIDs only implemented for interfaces!
 -> (artifact id: '70562d86b8058fb76c0bcf0d9410dc61') in 0.426255 seconds
Number of updated asset objects reloaded before import = 0
Number of asset objects unloaded after import = 16
========================================================================
Received Import Request.
  Time since last request: 0.000034 seconds.
  path: Assets/FlyingSystem/AircraftFlyingSystem/Demo/Mesh/Jet/Materials/BodyMaterial.mat
  artifactKey: Guid(dd63b7565f7d5b14aa644e92ceba9e80) Importer(2089858483,0ecaa5967403d082aa24f35e1b516d23)
Start importing Assets/FlyingSystem/AircraftFlyingSystem/Demo/Mesh/Jet/Materials/BodyMaterial.mat using Guid(dd63b7565f7d5b14aa644e92ceba9e80) Importer(2089858483,0ecaa5967403d082aa24f35e1b516d23) Generated GUIDs only implemented for interfaces!
 -> (artifact id: '889209da2ff46609722f245ff6780692') in 0.156138 seconds
Number of updated asset objects reloaded before import = 0
Number of asset objects unloaded after import = 1
========================================================================
Received Import Request.
  Time since last request: 0.000048 seconds.
  path: Assets/FlyingSystem/Demo_Main/Scripts/Joystick.cs
  artifactKey: Guid(b4d54b3346477a547a20e69a1ab7e2a5) Importer(2089858483,0ecaa5967403d082aa24f35e1b516d23)
Start importing Assets/FlyingSystem/Demo_Main/Scripts/Joystick.cs using Guid(b4d54b3346477a547a20e69a1ab7e2a5) Importer(2089858483,0ecaa5967403d082aa24f35e1b516d23) Generated GUIDs only implemented for interfaces!
 -> (artifact id: '44b1f2e6643a0da2fc7c6dde7a66e089') in 0.022164 seconds
Number of updated asset objects reloaded before import = 0
Number of asset objects unloaded after import = 1
========================================================================
Received Import Request.
  Time since last request: 0.000048 seconds.
  path: Assets/FlyingSystem/AircraftFlyingSystem/Demo/Prefabs/Jet.prefab
  artifactKey: Guid(6b0bc55f26784dd43afd0ea53338a2fc) Importer(2089858483,0ecaa5967403d082aa24f35e1b516d23)
Start importing Assets/FlyingSystem/AircraftFlyingSystem/Demo/Prefabs/Jet.prefab using Guid(6b0bc55f26784dd43afd0ea53338a2fc) Importer(2089858483,0ecaa5967403d082aa24f35e1b516d23) Generated GUIDs only implemented for interfaces!
 -> (artifact id: '095b8216d22b0665cc4642920648aa6c') in 0.109874 seconds
Number of updated asset objects reloaded before import = 0
Number of asset objects unloaded after import = 66
========================================================================
Received Import Request.
  Time since last request: 0.000234 seconds.
  path: Assets/FlyingSystem/AircraftFlyingSystem/Demo
  artifactKey: Guid(030d4c224847a374ab424b1a66bedf0a) Importer(2089858483,0ecaa5967403d082aa24f35e1b516d23)
Start importing Assets/FlyingSystem/AircraftFlyingSystem/Demo using Guid(030d4c224847a374ab424b1a66bedf0a) Importer(2089858483,0ecaa5967403d082aa24f35e1b516d23) Generated GUIDs only implemented for interfaces!
 -> (artifact id: 'fdcd40477febcb73871870e95e2590d9') in 0.062809 seconds
Number of updated asset objects reloaded before import = 0
Number of asset objects unloaded after import = 1
========================================================================
Received Import Request.
  Time since last request: 0.000048 seconds.
  path: Assets/FlyingSystem/CreatureFlyingSystem/Demo/Mesh/Duck/Materials
  artifactKey: Guid(9c988ec0742d693408baf134c0256599) Importer(2089858483,0ecaa5967403d082aa24f35e1b516d23)
Start importing Assets/FlyingSystem/CreatureFlyingSystem/Demo/Mesh/Duck/Materials using Guid(9c988ec0742d693408baf134c0256599) Importer(2089858483,0ecaa5967403d082aa24f35e1b516d23) Generated GUIDs only implemented for interfaces!
 -> (artifact id: '09c819577cb86a2ef5c65c392b0b5cfc') in 0.039999 seconds
Number of updated asset objects reloaded before import = 0
Number of asset objects unloaded after import = 1
========================================================================
Received Import Request.
  Time since last request: 0.000068 seconds.
  path: Assets/FlyingSystem/CreatureFlyingSystem/Demo/Mesh/Duck/Idle.fbx
  artifactKey: Guid(22c50bd5ed096ae40a66a60d4eb5df00) Importer(2089858483,0ecaa5967403d082aa24f35e1b516d23)
Start importing Assets/FlyingSystem/CreatureFlyingSystem/Demo/Mesh/Duck/Idle.fbx using Guid(22c50bd5ed096ae40a66a60d4eb5df00) Importer(2089858483,0ecaa5967403d082aa24f35e1b516d23) Generated GUIDs only implemented for interfaces!
 -> (artifact id: '86314f69fb3b15dae5cd3bc46632857c') in 0.236222 seconds
Number of updated asset objects reloaded before import = 0
Number of asset objects unloaded after import = 47
========================================================================
Received Import Request.
  Time since last request: 0.000037 seconds.
  path: Assets/Sand textures pack/Sand 07/normal.tga
  artifactKey: Guid(1ca8aa938472ee44881646574d844978) Importer(2089858483,0ecaa5967403d082aa24f35e1b516d23)
Start importing Assets/Sand textures pack/Sand 07/normal.tga using Guid(1ca8aa938472ee44881646574d844978) Importer(2089858483,0ecaa5967403d082aa24f35e1b516d23) Generated GUIDs only implemented for interfaces!
 -> (artifact id: '95316406cdae17108a202ea5be7e4af7') in 0.056307 seconds
Number of updated asset objects reloaded before import = 0
Number of asset objects unloaded after import = 1
========================================================================
Received Import Request.
  Time since last request: 0.000051 seconds.
  path: Assets/Customizable Skybox/Stylized Sky/Materials/Day4.mat
  artifactKey: Guid(5c57bb9da366e944a8f4ae9be4f413ec) Importer(2089858483,0ecaa5967403d082aa24f35e1b516d23)
Start importing Assets/Customizable Skybox/Stylized Sky/Materials/Day4.mat using Guid(5c57bb9da366e944a8f4ae9be4f413ec) Importer(2089858483,0ecaa5967403d082aa24f35e1b516d23) Generated GUIDs only implemented for interfaces!
 -> (artifact id: '1624d899bba557f62dd825b240875d93') in 0.031477 seconds
Number of updated asset objects reloaded before import = 0
Number of asset objects unloaded after import = 1
========================================================================
Received Import Request.
  Time since last request: 0.000032 seconds.
  path: Assets/Settings/URP-HighFidelity-Renderer.asset
  artifactKey: Guid(c40be3174f62c4acf8c1216858c64956) Importer(2089858483,3d70f49cd1c2eb9ae422958d1c652c6b)
Start importing Assets/Settings/URP-HighFidelity-Renderer.asset using Guid(c40be3174f62c4acf8c1216858c64956) Importer(2089858483,3d70f49cd1c2eb9ae422958d1c652c6b) Generated GUIDs only implemented for interfaces!
 -> (artifact id: '1c35a81f07bbe45f02bdf76e6485f5a2') in 0.078349 seconds
Number of updated asset objects reloaded before import = 0
Number of asset objects unloaded after import = 0
========================================================================
Received Import Request.
  Time since last request: 0.000046 seconds.
  path: Assets/player.controller
  artifactKey: Guid(d4b3fd5acd87f6140be11ce40f13692d) Importer(2089858483,0ecaa5967403d082aa24f35e1b516d23)
Start importing Assets/player.controller using Guid(d4b3fd5acd87f6140be11ce40f13692d) Importer(2089858483,0ecaa5967403d082aa24f35e1b516d23) Generated GUIDs only implemented for interfaces!
 -> (artifact id: '895353966117fcc116b5eb0700755daf') in 0.076138 seconds
Number of updated asset objects reloaded before import = 0
Number of asset objects unloaded after import = 15
========================================================================
Received Import Request.
  Time since last request: 8.296447 seconds.
  path: Assets/FlyingSystem/Demo_Main/Mesh/Environment/Mountain/Materials/PlatformMaterial.mat
  artifactKey: Guid(3008303c7e0591e46abdf89e4c8f734e) Importer(2089858483,0ecaa5967403d082aa24f35e1b516d23)
Start importing Assets/FlyingSystem/Demo_Main/Mesh/Environment/Mountain/Materials/PlatformMaterial.mat using Guid(3008303c7e0591e46abdf89e4c8f734e) Importer(2089858483,0ecaa5967403d082aa24f35e1b516d23) Generated GUIDs only implemented for interfaces!
 -> (artifact id: '5728a488f2a784729a5675171189d00f') in 0.020318 seconds
Number of updated asset objects reloaded before import = 0
Number of asset objects unloaded after import = 1
========================================================================
Received Import Request.
  Time since last request: 0.000056 seconds.
  path: Assets/FlyingSystem/Demo_Main/Mesh/Environment/Stage/Materials/StageSignMaterial.mat
  artifactKey: Guid(5ca1514f2ff504049b441456e609a1fb) Importer(2089858483,0ecaa5967403d082aa24f35e1b516d23)
Start importing Assets/FlyingSystem/Demo_Main/Mesh/Environment/Stage/Materials/StageSignMaterial.mat using Guid(5ca1514f2ff504049b441456e609a1fb) Importer(2089858483,0ecaa5967403d082aa24f35e1b516d23) Generated GUIDs only implemented for interfaces!
 -> (artifact id: '7a84870e30939921412a5ab9d08a36f0') in 0.013487 seconds
Number of updated asset objects reloaded before import = 0
Number of asset objects unloaded after import = 1
========================================================================
Received Import Request.
  Time since last request: 0.000018 seconds.
  path: Assets/FlyingSystem/CreatureFlyingSystem/Demo/Mesh/Duck/Materials/BeakMaterial.mat
  artifactKey: Guid(58b27c5cbc9c443479ff49d4d02729a4) Importer(2089858483,0ecaa5967403d082aa24f35e1b516d23)
Start importing Assets/FlyingSystem/CreatureFlyingSystem/Demo/Mesh/Duck/Materials/BeakMaterial.mat using Guid(58b27c5cbc9c443479ff49d4d02729a4) Importer(2089858483,0ecaa5967403d082aa24f35e1b516d23) Generated GUIDs only implemented for interfaces!
 -> (artifact id: 'd51c9aeae8e4feed6c5e779ceb477bbe') in 0.013399 seconds
Number of updated asset objects reloaded before import = 0
Number of asset objects unloaded after import = 1
========================================================================
Received Import Request.
  Time since last request: 0.000023 seconds.
  path: Assets/FlyingSystem/AircraftFlyingSystem/Demo/Mesh/Jet/Materials/GlassMaterial.mat
  artifactKey: Guid(d6c73f099b6225448b24418caac03495) Importer(2089858483,0ecaa5967403d082aa24f35e1b516d23)
Start importing Assets/FlyingSystem/AircraftFlyingSystem/Demo/Mesh/Jet/Materials/GlassMaterial.mat using Guid(d6c73f099b6225448b24418caac03495) Importer(2089858483,0ecaa5967403d082aa24f35e1b516d23) Generated GUIDs only implemented for interfaces!
 -> (artifact id: '6dad3116a9eb679db9f5ae0c9aaa2c37') in 0.014959 seconds
Number of updated asset objects reloaded before import = 0
Number of asset objects unloaded after import = 1
========================================================================
Received Import Request.
  Time since last request: 0.000025 seconds.
  path: Assets/FlyingSystem/AircraftFlyingSystem/Demo/Mesh/Jet/Materials/WheelMaterial.mat
  artifactKey: Guid(4db7dd22f6480eb4c802f93698b5b4f7) Importer(2089858483,0ecaa5967403d082aa24f35e1b516d23)
Start importing Assets/FlyingSystem/AircraftFlyingSystem/Demo/Mesh/Jet/Materials/WheelMaterial.mat using Guid(4db7dd22f6480eb4c802f93698b5b4f7) Importer(2089858483,0ecaa5967403d082aa24f35e1b516d23) Generated GUIDs only implemented for interfaces!
 -> (artifact id: 'c34dc5c00ed726d68affc6649c48896d') in 0.021661 seconds
Number of updated asset objects reloaded before import = 0
Number of asset objects unloaded after import = 1
========================================================================
Received Import Request.
  Time since last request: 0.000022 seconds.
  path: Assets/FlyingSystem/GliderFlyingSystem/Demo/Mesh/Glider/Materials/WireMaterial.mat
  artifactKey: Guid(7926d99840c37d14e8ef3e6968bbdbe0) Importer(2089858483,0ecaa5967403d082aa24f35e1b516d23)
Start importing Assets/FlyingSystem/GliderFlyingSystem/Demo/Mesh/Glider/Materials/WireMaterial.mat using Guid(7926d99840c37d14e8ef3e6968bbdbe0) Importer(2089858483,0ecaa5967403d082aa24f35e1b516d23) Generated GUIDs only implemented for interfaces!
 -> (artifact id: '02d2f3ed0bb85a8d38f852b8cc7da2ec') in 0.015170 seconds
Number of updated asset objects reloaded before import = 0
Number of asset objects unloaded after import = 1
========================================================================
Received Import Request.
  Time since last request: 0.000045 seconds.
  path: Assets/FlyingSystem/AircraftFlyingSystem/Demo/Mesh/Airliner/Materials/BodyMaterial.mat
  artifactKey: Guid(a7cb996dc5175b942b4456e8af0d2ace) Importer(2089858483,0ecaa5967403d082aa24f35e1b516d23)
Start importing Assets/FlyingSystem/AircraftFlyingSystem/Demo/Mesh/Airliner/Materials/BodyMaterial.mat using Guid(a7cb996dc5175b942b4456e8af0d2ace) Importer(2089858483,0ecaa5967403d082aa24f35e1b516d23) Generated GUIDs only implemented for interfaces!
 -> (artifact id: '07880229468df8d398f3cf1c6e97c22e') in 0.015000 seconds
Number of updated asset objects reloaded before import = 0
Number of asset objects unloaded after import = 1
========================================================================
Received Import Request.
  Time since last request: 0.000020 seconds.
  path: Assets/FlyingSystem/AircraftFlyingSystem/Demo/Mesh/Airliner/Materials/FrontWindowMaterial.mat
  artifactKey: Guid(63606d0366289f140bb9d9c25a33371c) Importer(2089858483,0ecaa5967403d082aa24f35e1b516d23)
Start importing Assets/FlyingSystem/AircraftFlyingSystem/Demo/Mesh/Airliner/Materials/FrontWindowMaterial.mat using Guid(63606d0366289f140bb9d9c25a33371c) Importer(2089858483,0ecaa5967403d082aa24f35e1b516d23) Generated GUIDs only implemented for interfaces!
 -> (artifact id: 'bdcf098d70a0ce9f6738aa7680c275ee') in 0.019114 seconds
Number of updated asset objects reloaded before import = 0
Number of asset objects unloaded after import = 1
========================================================================
Received Import Request.
  Time since last request: 0.000018 seconds.
  path: Assets/FlyingSystem/CreatureFlyingSystem/Demo/Mesh/Duck/Materials/EyeMaterial.mat
  artifactKey: Guid(6b7957d03869c1b4cb5a0f499fb78474) Importer(2089858483,0ecaa5967403d082aa24f35e1b516d23)
Start importing Assets/FlyingSystem/CreatureFlyingSystem/Demo/Mesh/Duck/Materials/EyeMaterial.mat using Guid(6b7957d03869c1b4cb5a0f499fb78474) Importer(2089858483,0ecaa5967403d082aa24f35e1b516d23) Generated GUIDs only implemented for interfaces!
 -> (artifact id: 'f9e90dda13c6fd1cdc93f0060c9385e7') in 0.017458 seconds
Number of updated asset objects reloaded before import = 0
Number of asset objects unloaded after import = 1
========================================================================
Received Import Request.
  Time since last request: 66.088791 seconds.
  path: Assets/FlyingSystem/GliderFlyingSystem/Demo/Prefabs/PaperAirPlane.prefab
  artifactKey: Guid(2e897012332953045860227a22548d74) Importer(815301076,1909f56bfc062723c751e8b465ee728b)
Start importing Assets/FlyingSystem/GliderFlyingSystem/Demo/Prefabs/PaperAirPlane.prefab using Guid(2e897012332953045860227a22548d74) Importer(815301076,1909f56bfc062723c751e8b465ee728b)  -> (artifact id: 'fa5bc06bde61a1107fbcc4cd9b4ab184') in 0.161215 seconds
Number of updated asset objects reloaded before import = 0
Number of asset objects unloaded after import = 24
========================================================================
Received Import Request.
  Time since last request: 0.000022 seconds.
  path: Assets/FlyingSystem/GliderFlyingSystem/Demo/Prefabs/ViteAerea.prefab
  artifactKey: Guid(71a1cdf54816459429da4f5c79dba292) Importer(815301076,1909f56bfc062723c751e8b465ee728b)
Start importing Assets/FlyingSystem/GliderFlyingSystem/Demo/Prefabs/ViteAerea.prefab using Guid(71a1cdf54816459429da4f5c79dba292) Importer(815301076,1909f56bfc062723c751e8b465ee728b)  -> (artifact id: '0f02e711cede96e933911abb6fb37530') in 0.028353 seconds
Number of updated asset objects reloaded before import = 0
Number of asset objects unloaded after import = 52
========================================================================
Received Import Request.
  Time since last request: 0.000050 seconds.
  path: Assets/FlyingSystem/GliderFlyingSystem/Demo/Prefabs/Parachute.prefab
  artifactKey: Guid(7781b3b30cf6d2440868784314da3a63) Importer(815301076,1909f56bfc062723c751e8b465ee728b)
Start importing Assets/FlyingSystem/GliderFlyingSystem/Demo/Prefabs/Parachute.prefab using Guid(7781b3b30cf6d2440868784314da3a63) Importer(815301076,1909f56bfc062723c751e8b465ee728b)  -> (artifact id: '6e33ded8618a1f9d10efa1d55f866099') in 0.016692 seconds
Number of updated asset objects reloaded before import = 0
Number of asset objects unloaded after import = 35
========================================================================
Received Import Request.
  Time since last request: 28.377306 seconds.
  path: Assets/GliderFlyingSystem/Demo/Mesh/ViteAerea/Materials
  artifactKey: Guid(ff494735f6d4a8e4bb0a181f7d12844f) Importer(2089858483,0ecaa5967403d082aa24f35e1b516d23)
Start importing Assets/GliderFlyingSystem/Demo/Mesh/ViteAerea/Materials using Guid(ff494735f6d4a8e4bb0a181f7d12844f) Importer(2089858483,0ecaa5967403d082aa24f35e1b516d23) Generated GUIDs only implemented for interfaces!
 -> (artifact id: '14f3948766f02458b778b37834a2e24e') in 0.139543 seconds
Number of updated asset objects reloaded before import = 0
Number of asset objects unloaded after import = 1
========================================================================
Received Import Request.
  Time since last request: 0.000058 seconds.
  path: Assets/GliderFlyingSystem/Demo
  artifactKey: Guid(1ef540a8089bf6041b12fd6186204731) Importer(2089858483,0ecaa5967403d082aa24f35e1b516d23)
Start importing Assets/GliderFlyingSystem/Demo using Guid(1ef540a8089bf6041b12fd6186204731) Importer(2089858483,0ecaa5967403d082aa24f35e1b516d23) Generated GUIDs only implemented for interfaces!
 -> (artifact id: '8d7190be43dd7b40a8162eff73ad8d7e') in 0.023519 seconds
Number of updated asset objects reloaded before import = 0
Number of asset objects unloaded after import = 1
========================================================================
Received Import Request.
  Time since last request: 0.000024 seconds.
  path: Assets/GliderFlyingSystem/Demo/Mesh
  artifactKey: Guid(b9aa53300bb3ad04f855cb80e36ea955) Importer(2089858483,0ecaa5967403d082aa24f35e1b516d23)
Start importing Assets/GliderFlyingSystem/Demo/Mesh using Guid(b9aa53300bb3ad04f855cb80e36ea955) Importer(2089858483,0ecaa5967403d082aa24f35e1b516d23) Generated GUIDs only implemented for interfaces!
 -> (artifact id: '5c6f060d942b6c11b74601621e2b0bef') in 0.012157 seconds
Number of updated asset objects reloaded before import = 0
Number of asset objects unloaded after import = 1
========================================================================
Received Import Request.
  Time since last request: 0.000042 seconds.
  path: Assets/GliderFlyingSystem/Demo/Mesh/Glider/Materials
  artifactKey: Guid(1c982ab34c55e014497f0ef3e672ccb7) Importer(2089858483,0ecaa5967403d082aa24f35e1b516d23)
Start importing Assets/GliderFlyingSystem/Demo/Mesh/Glider/Materials using Guid(1c982ab34c55e014497f0ef3e672ccb7) Importer(2089858483,0ecaa5967403d082aa24f35e1b516d23) Generated GUIDs only implemented for interfaces!
 -> (artifact id: '0b22a6605c8472f6ff06fb8d7a4de5c7') in 0.012926 seconds
Number of updated asset objects reloaded before import = 0
Number of asset objects unloaded after import = 1
========================================================================
Received Import Request.
  Time since last request: 0.000047 seconds.
  path: Assets/GliderFlyingSystem/Demo/Prefabs/Parachute.prefab
  artifactKey: Guid(7781b3b30cf6d2440868784314da3a63) Importer(2089858483,0ecaa5967403d082aa24f35e1b516d23)
Start importing Assets/GliderFlyingSystem/Demo/Prefabs/Parachute.prefab using Guid(7781b3b30cf6d2440868784314da3a63) Importer(2089858483,0ecaa5967403d082aa24f35e1b516d23) Generated GUIDs only implemented for interfaces!
 -> (artifact id: '341a3f7cffa344c21bb771b12fd3bc09') in 0.016307 seconds
Number of updated asset objects reloaded before import = 0
Number of asset objects unloaded after import = 23
========================================================================
Received Import Request.
  Time since last request: 0.000023 seconds.
  path: Assets/GliderFlyingSystem/Demo/Mesh/ViteAerea/Materials/BaseMaterial.mat
  artifactKey: Guid(6328c1df15e8bd64b98f822fcb7eff71) Importer(2089858483,0ecaa5967403d082aa24f35e1b516d23)
Start importing Assets/GliderFlyingSystem/Demo/Mesh/ViteAerea/Materials/BaseMaterial.mat using Guid(6328c1df15e8bd64b98f822fcb7eff71) Importer(2089858483,0ecaa5967403d082aa24f35e1b516d23) Generated GUIDs only implemented for interfaces!
 -> (artifact id: '9df5f717388ee88794fa1ad3898ada5b') in 0.026829 seconds
Number of updated asset objects reloaded before import = 0
Number of asset objects unloaded after import = 2
========================================================================
Received Import Request.
  Time since last request: 0.000027 seconds.
  path: Assets/GliderFlyingSystem/Demo/Mesh/ViteAerea
  artifactKey: Guid(40bd355e7b40e3c45825392ef8dfff15) Importer(2089858483,0ecaa5967403d082aa24f35e1b516d23)
Start importing Assets/GliderFlyingSystem/Demo/Mesh/ViteAerea using Guid(40bd355e7b40e3c45825392ef8dfff15) Importer(2089858483,0ecaa5967403d082aa24f35e1b516d23) Generated GUIDs only implemented for interfaces!
 -> (artifact id: 'eb58e663ca1346e7fd54cc3ee5350495') in 0.014079 seconds
Number of updated asset objects reloaded before import = 0
Number of asset objects unloaded after import = 1
========================================================================
Received Import Request.
  Time since last request: 0.000026 seconds.
  path: Assets/GliderFlyingSystem
  artifactKey: Guid(c27cdc48294ae8e418cccda4a0ba9128) Importer(2089858483,0ecaa5967403d082aa24f35e1b516d23)
Start importing Assets/GliderFlyingSystem using Guid(c27cdc48294ae8e418cccda4a0ba9128) Importer(2089858483,0ecaa5967403d082aa24f35e1b516d23) Generated GUIDs only implemented for interfaces!
 -> (artifact id: '469ee25af355ef58b29ab203c62c9399') in 0.012804 seconds
Number of updated asset objects reloaded before import = 0
Number of asset objects unloaded after import = 1
========================================================================
Received Import Request.
  Time since last request: 0.000086 seconds.
  path: Assets/GliderFlyingSystem/Demo/Audio
  artifactKey: Guid(14335e4634a996f428a361a26b06980a) Importer(2089858483,0ecaa5967403d082aa24f35e1b516d23)
Start importing Assets/GliderFlyingSystem/Demo/Audio using Guid(14335e4634a996f428a361a26b06980a) Importer(2089858483,0ecaa5967403d082aa24f35e1b516d23) Generated GUIDs only implemented for interfaces!
 -> (artifact id: 'b71be5e3576c4aebb44c03cfba1ff028') in 0.012447 seconds
Number of updated asset objects reloaded before import = 0
Number of asset objects unloaded after import = 1
========================================================================
Received Import Request.
  Time since last request: 0.000059 seconds.
  path: Assets/GliderFlyingSystem/Demo/Mesh/ViteAerea/Materials/ClothMaterial.mat
  artifactKey: Guid(55b9c310c3be06c4bbee097a9f3a75e5) Importer(2089858483,0ecaa5967403d082aa24f35e1b516d23)
Start importing Assets/GliderFlyingSystem/Demo/Mesh/ViteAerea/Materials/ClothMaterial.mat using Guid(55b9c310c3be06c4bbee097a9f3a75e5) Importer(2089858483,0ecaa5967403d082aa24f35e1b516d23) Generated GUIDs only implemented for interfaces!
 -> (artifact id: '3cb86d82e877fe78f437cbf19f068bcc') in 0.031320 seconds
Number of updated asset objects reloaded before import = 0
Number of asset objects unloaded after import = 2
========================================================================
Received Import Request.
  Time since last request: 0.000043 seconds.
  path: Assets/GliderFlyingSystem/Demo/Prefabs
  artifactKey: Guid(466aa7db32aea9f4299e2337f4c7d1e6) Importer(2089858483,0ecaa5967403d082aa24f35e1b516d23)
Start importing Assets/GliderFlyingSystem/Demo/Prefabs using Guid(466aa7db32aea9f4299e2337f4c7d1e6) Importer(2089858483,0ecaa5967403d082aa24f35e1b516d23) Generated GUIDs only implemented for interfaces!
 -> (artifact id: '3ad28423a1a9280b0f361d14b85f4b0c') in 0.014138 seconds
Number of updated asset objects reloaded before import = 0
Number of asset objects unloaded after import = 1
========================================================================
Received Import Request.
  Time since last request: 0.000093 seconds.
  path: Assets/GliderFlyingSystem/Demo/Scripts/ViteAereaController.cs
  artifactKey: Guid(5ac236bbfdf283c41849c3a95f83fb35) Importer(2089858483,0ecaa5967403d082aa24f35e1b516d23)
Start importing Assets/GliderFlyingSystem/Demo/Scripts/ViteAereaController.cs using Guid(5ac236bbfdf283c41849c3a95f83fb35) Importer(2089858483,0ecaa5967403d082aa24f35e1b516d23) Generated GUIDs only implemented for interfaces!
 -> (artifact id: 'e703b2216f066d96df307a45d3bdd2a4') in 0.014625 seconds
Number of updated asset objects reloaded before import = 0
Number of asset objects unloaded after import = 1
========================================================================
Received Prepare
Begin MonoManager ReloadAssembly
- Loaded All Assemblies, in  0.485 seconds
Refreshing native plugins compatible for Editor in 2.90 ms, found 3 plugins.
Native extension for WindowsStandalone target not found
Native extension for Android target not found
Native extension for WebGL target not found
[Package Manager] Server::EnsureServerProcessIsRunning -- launch failed, reason: Unity was launched with the -noUpm command-line argument
[Package Manager] UpmClient::Send -- Unable to send message (not connected to UPM process).
[Package Manager] Cannot connect to Unity Package Manager local server
Mono: successfully reloaded assembly
- Finished resetting the current domain, in  0.955 seconds
Domain Reload Profiling: 1438ms
	BeginReloadAssembly (214ms)
		ExecutionOrderSort (0ms)
		DisableScriptedObjects (7ms)
		BackupInstance (0ms)
		ReleaseScriptingObjects (0ms)
		CreateAndSetChildDomain (61ms)
	RebuildCommonClasses (34ms)
	RebuildNativeTypeToScriptingClass (11ms)
	initialDomainReloadingComplete (25ms)
	LoadAllAssembliesAndSetupDomain (199ms)
		LoadAssemblies (290ms)
		RebuildTransferFunctionScriptingTraits (0ms)
		AnalyzeDomain (19ms)
			TypeCache.Refresh (7ms)
				TypeCache.ScanAssembly (0ms)
			ScanForSourceGeneratedMonoScriptInfo (0ms)
			ResolveRequiredComponents (11ms)
	FinalizeReload (956ms)
		ReleaseScriptCaches (0ms)
		RebuildScriptCaches (0ms)
		SetupLoadedEditorAssemblies (398ms)
			LogAssemblyErrors (0ms)
			InitializePlatformSupportModulesInManaged (19ms)
			SetLoadedEditorAssemblies (3ms)
			RefreshPlugins (0ms)
			BeforeProcessingInitializeOnLoad (59ms)
			ProcessInitializeOnLoadAttributes (260ms)
			ProcessInitializeOnLoadMethodAttributes (52ms)
			AfterProcessingInitializeOnLoad (4ms)
			EditorAssembliesLoaded (0ms)
		ExecutionOrderSort2 (0ms)
		AwakeInstancesAfterBackupRestoration (16ms)
Refreshing native plugins compatible for Editor in 5.38 ms, found 3 plugins.
Preloading 0 native plugins for Editor in 0.00 ms.
Unloading 5549 Unused Serialized files (Serialized files now loaded: 0)
Unloading 85 unused Assets / (0.8 MB). Loaded Objects now: 6240.
Memory consumption went from 198.8 MB to 197.9 MB.
Total: 6.219200 ms (FindLiveObjects: 0.588900 ms CreateObjectMapping: 0.306200 ms MarkObjects: 4.640700 ms  DeleteObjects: 0.681700 ms)

Prepare: number of updated asset objects reloaded= 0
AssetImportParameters requested are different than current active one (requested -> active):
  custom:container-demuxer-ogg: 62fdf1f143b41e24485cea50d1cbac27 -> 
  custom:video-decoder-ogg-theora: a1e56fd34408186e4bbccfd4996cb3dc -> 
  custom:framework-win-MediaFoundation: 216162199b28c13a410421893ffa2e32 -> 
  custom:CustomObjectIndexerAttribute: a3ef5dd2817f97addfee359851a9dba5 -> 
  custom:container-demuxer-webm: 4f35f7cbe854078d1ac9338744f61a02 -> 
  custom:scripting/monoscript/fileName/ViteAereaController.cs: 9da9806b32d4a345f7835e5451843b96 -> 
  custom:container-muxer-webm: aa71ff27fc2769a1b78a27578f13a17b -> 
  custom:video-decoder-webm-vp8: 9c59270c3fd7afecdb556c50c9e8de78 -> 
  custom:SearchIndexIgnoredProperties: e643bd26f0fe6173181afceb89e7c659 -> 
  custom:AudioImporter_EditorPlatform: d09bf68614088b80899f8185d706f6e7 -> 
  custom:video-encoder-webm-vp8: eb34c28f22e8b96e1ab97ce403110664 -> 
  custom:audio-decoder-ogg-vorbis: bf7c407c2cedff20999df2af8eb42d56 -> 
  custom:scripting/monoscript/fileName/GliderFlyingSystem.cs: 23960c3b37041279466c29cfb323afe1 -> 
  custom:audio-encoder-webm-vorbis: bf7c407c2cedff20999df2af8eb42d56 -> 
  custom:scripting/monoscript/fileName/GliderController.cs: a3a552c97ff661b909a1fbac78c136f3 -> 
Editor requested this worker to shutdown with reason: Scaling down because of idle timeout
TcpMessagingSession - receive error: operation aborted. errorcode: 995, details: The I/O operation has been aborted because of either a thread exit or an application request.
AssetImportWorker is now disconnected from the server
Process exiting
Exiting without the bug reporter. Application will terminate with return code 0