Using pre-set license
Built from '2022.3/staging' branch; Version is '2022.3.10f1 (ff3792e53c62) revision 16725906'; Using compiler version '192829333'; Build Type 'Release'
OS: 'Windows 11  (10.0.22621) 64bit Core' Language: 'en' Physical Memory: 16088 MB
BatchMode: 1, IsHumanControllingUs: 0, StartBugReporterOnCrash: 0, Is64bit: 1, IsPro: 1

COMMAND LINE ARGUMENTS:
C:\Program Files\Unity\Hub\Editor\2022.3.10f1\Editor\Unity.exe
-adb2
-batchMode
-noUpm
-name
AssetImportWorker11
-projectPath
C:/Users/manso/Uproject/challenge_5
-logFile
Logs/AssetImportWorker11.log
-srvPort
56674
Successfully changed project path to: C:/Users/manso/Uproject/challenge_5
C:/Users/manso/Uproject/challenge_5
[UnityMemory] Configuration Parameters - Can be set up in boot.config
    "memorysetup-bucket-allocator-granularity=16"
    "memorysetup-bucket-allocator-bucket-count=8"
    "memorysetup-bucket-allocator-block-size=33554432"
    "memorysetup-bucket-allocator-block-count=8"
    "memorysetup-main-allocator-block-size=16777216"
    "memorysetup-thread-allocator-block-size=16777216"
    "memorysetup-gfx-main-allocator-block-size=16777216"
    "memorysetup-gfx-thread-allocator-block-size=16777216"
    "memorysetup-cache-allocator-block-size=4194304"
    "memorysetup-typetree-allocator-block-size=2097152"
    "memorysetup-profiler-bucket-allocator-granularity=16"
    "memorysetup-profiler-bucket-allocator-bucket-count=8"
    "memorysetup-profiler-bucket-allocator-block-size=33554432"
    "memorysetup-profiler-bucket-allocator-block-count=8"
    "memorysetup-profiler-allocator-block-size=16777216"
    "memorysetup-profiler-editor-allocator-block-size=1048576"
    "memorysetup-temp-allocator-size-main=16777216"
    "memorysetup-job-temp-allocator-block-size=2097152"
    "memorysetup-job-temp-allocator-block-size-background=1048576"
    "memorysetup-job-temp-allocator-reduction-small-platforms=262144"
    "memorysetup-allocator-temp-initial-block-size-main=262144"
    "memorysetup-allocator-temp-initial-block-size-worker=262144"
    "memorysetup-temp-allocator-size-background-worker=32768"
    "memorysetup-temp-allocator-size-job-worker=262144"
    "memorysetup-temp-allocator-size-preload-manager=33554432"
    "memorysetup-temp-allocator-size-nav-mesh-worker=65536"
    "memorysetup-temp-allocator-size-audio-worker=65536"
    "memorysetup-temp-allocator-size-cloud-worker=32768"
    "memorysetup-temp-allocator-size-gi-baking-worker=262144"
    "memorysetup-temp-allocator-size-gfx=262144"
Player connection [38076] Host "[IP] 192.168.100.8 [Port] 0 [Flags] 2 [Guid] 3489339869 [EditorId] 3489339869 [Version] 1048832 [Id] WindowsEditor(7,Mskoll) [Debug] 1 [PackageName] WindowsEditor [ProjectName] Editor" joined multi-casting on [225.0.0.222:54997]...

Player connection [38076] Host "[IP] 192.168.100.8 [Port] 0 [Flags] 2 [Guid] 3489339869 [EditorId] 3489339869 [Version] 1048832 [Id] WindowsEditor(7,Mskoll) [Debug] 1 [PackageName] WindowsEditor [ProjectName] Editor" joined alternative multi-casting on [225.0.0.222:34997]...

[Physics::Module] Initialized MultithreadedJobDispatcher with 15 workers.
Refreshing native plugins compatible for Editor in 14.85 ms, found 3 plugins.
Preloading 0 native plugins for Editor in 0.00 ms.
Initialize engine version: 2022.3.10f1 (ff3792e53c62)
[Subsystems] Discovering subsystems at path C:/Program Files/Unity/Hub/Editor/2022.3.10f1/Editor/Data/Resources/UnitySubsystems
[Subsystems] Discovering subsystems at path C:/Users/manso/Uproject/challenge_5/Assets
GfxDevice: creating device client; threaded=0; jobified=0
Direct3D:
    Version:  Direct3D 11.0 [level 11.1]
    Renderer: NVIDIA GeForce RTX 4050 Laptop GPU (ID=0x28a1)
    Vendor:   NVIDIA
    VRAM:     5935 MB
    Driver:   31.0.15.3640
Initialize mono
Mono path[0] = 'C:/Program Files/Unity/Hub/Editor/2022.3.10f1/Editor/Data/Managed'
Mono path[1] = 'C:/Program Files/Unity/Hub/Editor/2022.3.10f1/Editor/Data/MonoBleedingEdge/lib/mono/unityjit-win32'
Mono config path = 'C:/Program Files/Unity/Hub/Editor/2022.3.10f1/Editor/Data/MonoBleedingEdge/etc'
Using monoOptions --debugger-agent=transport=dt_socket,embedding=1,server=y,suspend=n,address=127.0.0.1:56728
Begin MonoManager ReloadAssembly
Registering precompiled unity dll's ...
Register platform support module: C:/Program Files/Unity/Hub/Editor/2022.3.10f1/Editor/Data/PlaybackEngines/WebGLSupport/UnityEditor.WebGL.Extensions.dll
Register platform support module: C:/Program Files/Unity/Hub/Editor/2022.3.10f1/Editor/Data/PlaybackEngines/AndroidPlayer/UnityEditor.Android.Extensions.dll
Register platform support module: C:/Program Files/Unity/Hub/Editor/2022.3.10f1/Editor/Data/PlaybackEngines/WindowsStandaloneSupport/UnityEditor.WindowsStandalone.Extensions.dll
Registered in 0.029346 seconds.
- Loaded All Assemblies, in  1.395 seconds
Native extension for WindowsStandalone target not found
Native extension for Android target not found
Android Extension - Scanning For ADB Devices 738 ms
Native extension for WebGL target not found
Mono: successfully reloaded assembly
- Finished resetting the current domain, in  1.645 seconds
Domain Reload Profiling: 3037ms
	BeginReloadAssembly (552ms)
		ExecutionOrderSort (0ms)
		DisableScriptedObjects (0ms)
		BackupInstance (0ms)
		ReleaseScriptingObjects (0ms)
		CreateAndSetChildDomain (3ms)
	RebuildCommonClasses (119ms)
	RebuildNativeTypeToScriptingClass (32ms)
	initialDomainReloadingComplete (195ms)
	LoadAllAssembliesAndSetupDomain (493ms)
		LoadAssemblies (554ms)
		RebuildTransferFunctionScriptingTraits (0ms)
		AnalyzeDomain (479ms)
			TypeCache.Refresh (476ms)
				TypeCache.ScanAssembly (447ms)
			ScanForSourceGeneratedMonoScriptInfo (1ms)
			ResolveRequiredComponents (1ms)
	FinalizeReload (1646ms)
		ReleaseScriptCaches (0ms)
		RebuildScriptCaches (0ms)
		SetupLoadedEditorAssemblies (1491ms)
			LogAssemblyErrors (0ms)
			InitializePlatformSupportModulesInManaged (1080ms)
			SetLoadedEditorAssemblies (6ms)
			RefreshPlugins (0ms)
			BeforeProcessingInitializeOnLoad (8ms)
			ProcessInitializeOnLoadAttributes (262ms)
			ProcessInitializeOnLoadMethodAttributes (135ms)
			AfterProcessingInitializeOnLoad (0ms)
			EditorAssembliesLoaded (0ms)
		ExecutionOrderSort2 (0ms)
		AwakeInstancesAfterBackupRestoration (0ms)
========================================================================
Worker process is ready to serve import requests
Begin MonoManager ReloadAssembly
- Loaded All Assemblies, in  1.536 seconds
Refreshing native plugins compatible for Editor in 7.24 ms, found 3 plugins.
Native extension for WindowsStandalone target not found
Native extension for Android target not found
Native extension for WebGL target not found
Package Manager log level set to [2]
[Package Manager] Server::EnsureServerProcessIsRunning -- launch failed, reason: Unity was launched with the -noUpm command-line argument
[Package Manager] UpmClient::Send -- Unable to send message (not connected to UPM process).
[Package Manager] Cannot connect to Unity Package Manager local server
Mono: successfully reloaded assembly
- Finished resetting the current domain, in  1.502 seconds
Domain Reload Profiling: 3034ms
	BeginReloadAssembly (329ms)
		ExecutionOrderSort (0ms)
		DisableScriptedObjects (10ms)
		BackupInstance (0ms)
		ReleaseScriptingObjects (0ms)
		CreateAndSetChildDomain (40ms)
	RebuildCommonClasses (76ms)
	RebuildNativeTypeToScriptingClass (26ms)
	initialDomainReloadingComplete (101ms)
	LoadAllAssembliesAndSetupDomain (999ms)
		LoadAssemblies (746ms)
		RebuildTransferFunctionScriptingTraits (0ms)
		AnalyzeDomain (464ms)
			TypeCache.Refresh (379ms)
				TypeCache.ScanAssembly (345ms)
			ScanForSourceGeneratedMonoScriptInfo (56ms)
			ResolveRequiredComponents (27ms)
	FinalizeReload (1503ms)
		ReleaseScriptCaches (0ms)
		RebuildScriptCaches (0ms)
		SetupLoadedEditorAssemblies (1137ms)
			LogAssemblyErrors (0ms)
			InitializePlatformSupportModulesInManaged (48ms)
			SetLoadedEditorAssemblies (6ms)
			RefreshPlugins (0ms)
			BeforeProcessingInitializeOnLoad (147ms)
			ProcessInitializeOnLoadAttributes (725ms)
			ProcessInitializeOnLoadMethodAttributes (200ms)
			AfterProcessingInitializeOnLoad (11ms)
			EditorAssembliesLoaded (0ms)
		ExecutionOrderSort2 (0ms)
		AwakeInstancesAfterBackupRestoration (16ms)
Launched and connected shader compiler UnityShaderCompiler.exe after 0.36 seconds
Refreshing native plugins compatible for Editor in 9.19 ms, found 3 plugins.
Preloading 0 native plugins for Editor in 0.00 ms.
Unloading 5751 Unused Serialized files (Serialized files now loaded: 0)
Unloading 86 unused Assets / (0.8 MB). Loaded Objects now: 6212.
Memory consumption went from 230.7 MB to 229.8 MB.
Total: 12.115000 ms (FindLiveObjects: 1.169700 ms CreateObjectMapping: 0.621900 ms MarkObjects: 9.037600 ms  DeleteObjects: 1.283100 ms)

AssetImportParameters requested are different than current active one (requested -> active):
  custom:container-demuxer-ogg: 62fdf1f143b41e24485cea50d1cbac27 -> 
  custom:video-decoder-ogg-theora: a1e56fd34408186e4bbccfd4996cb3dc -> 
  custom:framework-win-MediaFoundation: 216162199b28c13a410421893ffa2e32 -> 
  custom:CustomObjectIndexerAttribute: a3ef5dd2817f97addfee359851a9dba5 -> 
  custom:container-demuxer-webm: 4f35f7cbe854078d1ac9338744f61a02 -> 
  custom:scripting/monoscript/fileName/ViteAereaController.cs: 9da9806b32d4a345f7835e5451843b96 -> 
  custom:container-muxer-webm: aa71ff27fc2769a1b78a27578f13a17b -> 
  custom:video-decoder-webm-vp8: 9c59270c3fd7afecdb556c50c9e8de78 -> 
  custom:SearchIndexIgnoredProperties: e643bd26f0fe6173181afceb89e7c659 -> 
  custom:AudioImporter_EditorPlatform: d09bf68614088b80899f8185d706f6e7 -> 
  custom:video-encoder-webm-vp8: eb34c28f22e8b96e1ab97ce403110664 -> 
  custom:audio-decoder-ogg-vorbis: bf7c407c2cedff20999df2af8eb42d56 -> 
  custom:scripting/monoscript/fileName/GliderFlyingSystem.cs: 23960c3b37041279466c29cfb323afe1 -> 
  custom:audio-encoder-webm-vorbis: bf7c407c2cedff20999df2af8eb42d56 -> 
  custom:scripting/monoscript/fileName/GliderController.cs: a3a552c97ff661b909a1fbac78c136f3 -> 
========================================================================
Received Import Request.
  Time since last request: 1368783.662438 seconds.
  path: Assets/Customizable Skybox/Stylized Sky/Materials/Night2.mat
  artifactKey: Guid(52fcefd712182d743a781fde12426775) Importer(2089858483,0ecaa5967403d082aa24f35e1b516d23)
Start importing Assets/Customizable Skybox/Stylized Sky/Materials/Night2.mat using Guid(52fcefd712182d743a781fde12426775) Importer(2089858483,0ecaa5967403d082aa24f35e1b516d23) Generated GUIDs only implemented for interfaces!
 -> (artifact id: '92d6bf6b9f14820612fb96cda89e6519') in 1.157532 seconds
Number of updated asset objects reloaded before import = 0
Number of asset objects unloaded after import = 1
========================================================================
Received Import Request.
  Time since last request: 0.000705 seconds.
  path: Assets/Customizable Skybox/Model/Materials/darken leafs.mat
  artifactKey: Guid(d35ea29c48c3e1944a4f03cab15e36c2) Importer(2089858483,0ecaa5967403d082aa24f35e1b516d23)
Start importing Assets/Customizable Skybox/Model/Materials/darken leafs.mat using Guid(d35ea29c48c3e1944a4f03cab15e36c2) Importer(2089858483,0ecaa5967403d082aa24f35e1b516d23) Generated GUIDs only implemented for interfaces!
 -> (artifact id: 'd992d66d7174af9494790d10d6ddb094') in 0.132622 seconds
Number of updated asset objects reloaded before import = 0
Number of asset objects unloaded after import = 1
========================================================================
Received Import Request.
  Time since last request: 0.000033 seconds.
  path: Assets/Customizable Skybox/Stylized Sky/Materials/Day3.mat
  artifactKey: Guid(56113b3b655ab7349bab4d7d405c258a) Importer(2089858483,0ecaa5967403d082aa24f35e1b516d23)
Start importing Assets/Customizable Skybox/Stylized Sky/Materials/Day3.mat using Guid(56113b3b655ab7349bab4d7d405c258a) Importer(2089858483,0ecaa5967403d082aa24f35e1b516d23) Generated GUIDs only implemented for interfaces!
 -> (artifact id: '6a3d2ac4642945a58d3f59dc3b4856fe') in 0.053421 seconds
Number of updated asset objects reloaded before import = 0
Number of asset objects unloaded after import = 1
========================================================================
Received Import Request.
  Time since last request: 0.000040 seconds.
  path: Assets/FlyingSystem/HumanoidAircraftFlyingSystem/Demo
  artifactKey: Guid(8bf90b8595ad1d64298e0e49b8d4d795) Importer(2089858483,0ecaa5967403d082aa24f35e1b516d23)
Start importing Assets/FlyingSystem/HumanoidAircraftFlyingSystem/Demo using Guid(8bf90b8595ad1d64298e0e49b8d4d795) Importer(2089858483,0ecaa5967403d082aa24f35e1b516d23) Generated GUIDs only implemented for interfaces!
 -> (artifact id: 'd7a3882097face191643beb639ba7a5c') in 0.060166 seconds
Number of updated asset objects reloaded before import = 0
Number of asset objects unloaded after import = 1
========================================================================
Received Import Request.
  Time since last request: 0.000052 seconds.
  path: Assets/Customizable Skybox/Stylized Sky/Materials/Night1.mat
  artifactKey: Guid(bbe9494f815f3c340956427c884b72a0) Importer(2089858483,0ecaa5967403d082aa24f35e1b516d23)
Start importing Assets/Customizable Skybox/Stylized Sky/Materials/Night1.mat using Guid(bbe9494f815f3c340956427c884b72a0) Importer(2089858483,0ecaa5967403d082aa24f35e1b516d23) Generated GUIDs only implemented for interfaces!
 -> (artifact id: '0f7e2aeacc04ecefc2d862ce5d541b24') in 0.039058 seconds
Number of updated asset objects reloaded before import = 0
Number of asset objects unloaded after import = 1
========================================================================
Received Import Request.
  Time since last request: 0.000027 seconds.
  path: Assets/Sand textures pack/Sand 02
  artifactKey: Guid(aa16cc7764e0b3b4d8e1e8f3b0381e79) Importer(2089858483,0ecaa5967403d082aa24f35e1b516d23)
Start importing Assets/Sand textures pack/Sand 02 using Guid(aa16cc7764e0b3b4d8e1e8f3b0381e79) Importer(2089858483,0ecaa5967403d082aa24f35e1b516d23) Generated GUIDs only implemented for interfaces!
 -> (artifact id: 'ad06e1c6d37b68d229a76c8d1280144d') in 0.024025 seconds
Number of updated asset objects reloaded before import = 0
Number of asset objects unloaded after import = 1
========================================================================
Received Import Request.
  Time since last request: 0.000030 seconds.
  path: Assets/Customizable Skybox/Model/Low Poly Island.fbx
  artifactKey: Guid(9e1cb89bae143d046bb9dba32b57bed0) Importer(2089858483,0ecaa5967403d082aa24f35e1b516d23)
Start importing Assets/Customizable Skybox/Model/Low Poly Island.fbx using Guid(9e1cb89bae143d046bb9dba32b57bed0) Importer(2089858483,0ecaa5967403d082aa24f35e1b516d23) Generated GUIDs only implemented for interfaces!
 -> (artifact id: '8059c0eb4e07ab3e55b8618c652fb32d') in 0.398830 seconds
Number of updated asset objects reloaded before import = 0
Number of asset objects unloaded after import = 90
========================================================================
Received Import Request.
  Time since last request: 0.000062 seconds.
  path: Assets/FlyingSystem/Demo_Main/Mesh/Environment/Weight/Weight.fbx
  artifactKey: Guid(3babacbd1f7ec014c98b66437c69c9ee) Importer(2089858483,0ecaa5967403d082aa24f35e1b516d23)
Start importing Assets/FlyingSystem/Demo_Main/Mesh/Environment/Weight/Weight.fbx using Guid(3babacbd1f7ec014c98b66437c69c9ee) Importer(2089858483,0ecaa5967403d082aa24f35e1b516d23) Generated GUIDs only implemented for interfaces!
 -> (artifact id: '4c74716d7889556433dfe9fbf8a09e34') in 0.100238 seconds
Number of updated asset objects reloaded before import = 0
Number of asset objects unloaded after import = 7
========================================================================
Received Import Request.
  Time since last request: 0.000049 seconds.
  path: Assets/TextMesh Pro/Examples & Extras/Resources/Sprite Assets/Default Sprite Asset.asset
  artifactKey: Guid(fbef3c704dce48f08a44612d6c856c8d) Importer(2089858483,3d70f49cd1c2eb9ae422958d1c652c6b)
Start importing Assets/TextMesh Pro/Examples & Extras/Resources/Sprite Assets/Default Sprite Asset.asset using Guid(fbef3c704dce48f08a44612d6c856c8d) Importer(2089858483,3d70f49cd1c2eb9ae422958d1c652c6b) Generated GUIDs only implemented for interfaces!
 -> (artifact id: '4e2a1cae3e2d610c8f14f73687027097') in 0.073495 seconds
Number of updated asset objects reloaded before import = 0
Number of asset objects unloaded after import = 2
========================================================================
Received Import Request.
  Time since last request: 0.000036 seconds.
  path: Assets/FlyingSystem/AircraftFlyingSystem/Demo/Mesh/Jet/Jet.fbx
  artifactKey: Guid(e2497edd4f1e88b4c90057a155589474) Importer(2089858483,0ecaa5967403d082aa24f35e1b516d23)
Start importing Assets/FlyingSystem/AircraftFlyingSystem/Demo/Mesh/Jet/Jet.fbx using Guid(e2497edd4f1e88b4c90057a155589474) Importer(2089858483,0ecaa5967403d082aa24f35e1b516d23) Generated GUIDs only implemented for interfaces!
 -> (artifact id: '92c999def9a2a7d2c798a7ede26515ae') in 0.089626 seconds
Number of updated asset objects reloaded before import = 0
Number of asset objects unloaded after import = 49
========================================================================
Received Import Request.
  Time since last request: 0.000034 seconds.
  path: Assets/FlyingSystem/AircraftFlyingSystem/Demo/Prefabs/Jet.prefab
  artifactKey: Guid(6b0bc55f26784dd43afd0ea53338a2fc) Importer(2089858483,3d70f49cd1c2eb9ae422958d1c652c6b)
Start importing Assets/FlyingSystem/AircraftFlyingSystem/Demo/Prefabs/Jet.prefab using Guid(6b0bc55f26784dd43afd0ea53338a2fc) Importer(2089858483,3d70f49cd1c2eb9ae422958d1c652c6b) Generated GUIDs only implemented for interfaces!
 -> (artifact id: 'ff8a4a2eb3345c8f538d0db0c8e75b1e') in 0.101341 seconds
Number of updated asset objects reloaded before import = 0
Number of asset objects unloaded after import = 109
========================================================================
Received Import Request.
  Time since last request: 0.000034 seconds.
  path: Assets/FlyingSystem/AircraftFlyingSystem/Demo/Mesh/Jet
  artifactKey: Guid(073c3a4ef3df8534dacfca124f03fa58) Importer(2089858483,0ecaa5967403d082aa24f35e1b516d23)
Start importing Assets/FlyingSystem/AircraftFlyingSystem/Demo/Mesh/Jet using Guid(073c3a4ef3df8534dacfca124f03fa58) Importer(2089858483,0ecaa5967403d082aa24f35e1b516d23) Generated GUIDs only implemented for interfaces!
 -> (artifact id: '699c811d808fc4dc30021b171b2a5a9a') in 0.062030 seconds
Number of updated asset objects reloaded before import = 0
Number of asset objects unloaded after import = 1
========================================================================
Received Import Request.
  Time since last request: 0.000086 seconds.
  path: Assets/FlyingSystem/Demo_Main/UI/Buttons/Turn.png
  artifactKey: Guid(46f21b6927bbcd0409f225b4a094f8c7) Importer(2089858483,0ecaa5967403d082aa24f35e1b516d23)
Start importing Assets/FlyingSystem/Demo_Main/UI/Buttons/Turn.png using Guid(46f21b6927bbcd0409f225b4a094f8c7) Importer(2089858483,0ecaa5967403d082aa24f35e1b516d23) Generated GUIDs only implemented for interfaces!
 -> (artifact id: '76ed2bcc9fa12f1af056617d981d2e61') in 0.217415 seconds
Number of updated asset objects reloaded before import = 0
Number of asset objects unloaded after import = 3
========================================================================
Received Import Request.
  Time since last request: 0.000033 seconds.
  path: Assets/FlyingSystem/Third-Party Notices.txt
  artifactKey: Guid(b8ee6795e7c8095468e1f28cbe01a2ae) Importer(2089858483,0ecaa5967403d082aa24f35e1b516d23)
Start importing Assets/FlyingSystem/Third-Party Notices.txt using Guid(b8ee6795e7c8095468e1f28cbe01a2ae) Importer(2089858483,0ecaa5967403d082aa24f35e1b516d23) Generated GUIDs only implemented for interfaces!
 -> (artifact id: 'f0ebb84768c87d3fd362b3675b6e8d89') in 0.017756 seconds
Number of updated asset objects reloaded before import = 0
Number of asset objects unloaded after import = 1
========================================================================
Received Import Request.
  Time since last request: 0.000046 seconds.
  path: Assets/FlyingSystem/CreatureFlyingSystem/Demo/Mesh/Eagle/Materials/ClawMaterial.mat
  artifactKey: Guid(90c6ae1dff459944692dbbd43106b829) Importer(2089858483,0ecaa5967403d082aa24f35e1b516d23)
Start importing Assets/FlyingSystem/CreatureFlyingSystem/Demo/Mesh/Eagle/Materials/ClawMaterial.mat using Guid(90c6ae1dff459944692dbbd43106b829) Importer(2089858483,0ecaa5967403d082aa24f35e1b516d23) Generated GUIDs only implemented for interfaces!
 -> (artifact id: 'ba7e6c4de109e6f00bcbe917b8e22c0f') in 0.053397 seconds
Number of updated asset objects reloaded before import = 0
Number of asset objects unloaded after import = 1
========================================================================
Received Import Request.
  Time since last request: 0.000040 seconds.
  path: Assets/FlyingSystem/Demo_Main/Scripts/Airflow.cs
  artifactKey: Guid(43d78d06de0e1244189df573cb3c2787) Importer(2089858483,0ecaa5967403d082aa24f35e1b516d23)
Start importing Assets/FlyingSystem/Demo_Main/Scripts/Airflow.cs using Guid(43d78d06de0e1244189df573cb3c2787) Importer(2089858483,0ecaa5967403d082aa24f35e1b516d23) Generated GUIDs only implemented for interfaces!
 -> (artifact id: '2773c1dfac80b172cbfcc3664dfdc695') in 0.044395 seconds
Number of updated asset objects reloaded before import = 0
Number of asset objects unloaded after import = 1
========================================================================
Received Import Request.
  Time since last request: 0.000071 seconds.
  path: Assets/FlyingSystem/CreatureFlyingSystem
  artifactKey: Guid(13c2b2d8746a3934dbe5d288f2c4f4fb) Importer(2089858483,0ecaa5967403d082aa24f35e1b516d23)
Start importing Assets/FlyingSystem/CreatureFlyingSystem using Guid(13c2b2d8746a3934dbe5d288f2c4f4fb) Importer(2089858483,0ecaa5967403d082aa24f35e1b516d23) Generated GUIDs only implemented for interfaces!
 -> (artifact id: '1a986adb4b1bd45802041c0c5b785f52') in 0.019820 seconds
Number of updated asset objects reloaded before import = 0
Number of asset objects unloaded after import = 1
========================================================================
Received Import Request.
  Time since last request: 0.000032 seconds.
  path: Assets/FlyingSystem/HelicopterFlyingSystem/Demo/Scenes/HelicopterFlyingSystem.unity
  artifactKey: Guid(305856a6f6abcaf4cbc5ceb26351d922) Importer(2089858483,0ecaa5967403d082aa24f35e1b516d23)
Start importing Assets/FlyingSystem/HelicopterFlyingSystem/Demo/Scenes/HelicopterFlyingSystem.unity using Guid(305856a6f6abcaf4cbc5ceb26351d922) Importer(2089858483,0ecaa5967403d082aa24f35e1b516d23) Generated GUIDs only implemented for interfaces!
 -> (artifact id: '3d43823885ecdb39199434c92fc2be68') in 0.028291 seconds
Number of updated asset objects reloaded before import = 0
Number of asset objects unloaded after import = 1
========================================================================
Received Import Request.
  Time since last request: 0.000031 seconds.
  path: Assets/FlyingSystem/HelicopterFlyingSystem/Demo/Mesh/Drone/Materials/DroneRotorMaterial.mat
  artifactKey: Guid(0ad33c9b75396e547830558c3a301e95) Importer(2089858483,0ecaa5967403d082aa24f35e1b516d23)
Start importing Assets/FlyingSystem/HelicopterFlyingSystem/Demo/Mesh/Drone/Materials/DroneRotorMaterial.mat using Guid(0ad33c9b75396e547830558c3a301e95) Importer(2089858483,0ecaa5967403d082aa24f35e1b516d23) Generated GUIDs only implemented for interfaces!
 -> (artifact id: 'f0582e1fd576b2821843b85661c74f02') in 0.048552 seconds
Number of updated asset objects reloaded before import = 0
Number of asset objects unloaded after import = 1
========================================================================
Received Import Request.
  Time since last request: 0.000043 seconds.
  path: Assets/FlyingSystem/Demo_Main
  artifactKey: Guid(2a795f8b5ab4c464692f3f0d21d6c21e) Importer(2089858483,0ecaa5967403d082aa24f35e1b516d23)
Start importing Assets/FlyingSystem/Demo_Main using Guid(2a795f8b5ab4c464692f3f0d21d6c21e) Importer(2089858483,0ecaa5967403d082aa24f35e1b516d23) Generated GUIDs only implemented for interfaces!
 -> (artifact id: '4bbca530836ba96c9e2a631913fd25c5') in 0.038727 seconds
Number of updated asset objects reloaded before import = 0
Number of asset objects unloaded after import = 1
========================================================================
Received Import Request.
  Time since last request: 0.000053 seconds.
  path: Assets/FlyingSystem/Demo_Main/Mesh/Environment/Mountain/Textures
  artifactKey: Guid(901e163abc468c946bd67bc67aedd3ec) Importer(2089858483,0ecaa5967403d082aa24f35e1b516d23)
Start importing Assets/FlyingSystem/Demo_Main/Mesh/Environment/Mountain/Textures using Guid(901e163abc468c946bd67bc67aedd3ec) Importer(2089858483,0ecaa5967403d082aa24f35e1b516d23) Generated GUIDs only implemented for interfaces!
 -> (artifact id: 'b22d180ecd6e29baaf9b3289b5d069a7') in 0.065256 seconds
Number of updated asset objects reloaded before import = 0
Number of asset objects unloaded after import = 1
========================================================================
Received Import Request.
  Time since last request: 0.000056 seconds.
  path: Assets/FlyingSystem/CreatureFlyingSystem/Demo/Mesh/Eagle/Materials/HeadMaterial.mat
  artifactKey: Guid(82bb41f98e252a44581f84c4ad5d51a8) Importer(2089858483,0ecaa5967403d082aa24f35e1b516d23)
Start importing Assets/FlyingSystem/CreatureFlyingSystem/Demo/Mesh/Eagle/Materials/HeadMaterial.mat using Guid(82bb41f98e252a44581f84c4ad5d51a8) Importer(2089858483,0ecaa5967403d082aa24f35e1b516d23) Generated GUIDs only implemented for interfaces!
 -> (artifact id: '7aa5bcc42dffcecedd0e91d2ccbc665a') in 0.079741 seconds
Number of updated asset objects reloaded before import = 0
Number of asset objects unloaded after import = 1
========================================================================
Received Import Request.
  Time since last request: 0.000036 seconds.
  path: Assets/FlyingSystem/AircraftFlyingSystem/Demo/Mesh/Airliner/Materials/FrontWindowMaterial.mat
  artifactKey: Guid(63606d0366289f140bb9d9c25a33371c) Importer(2089858483,0ecaa5967403d082aa24f35e1b516d23)
Start importing Assets/FlyingSystem/AircraftFlyingSystem/Demo/Mesh/Airliner/Materials/FrontWindowMaterial.mat using Guid(63606d0366289f140bb9d9c25a33371c) Importer(2089858483,0ecaa5967403d082aa24f35e1b516d23) Generated GUIDs only implemented for interfaces!
 -> (artifact id: 'ebcd8ad78a9c8b1237c5dcde46ca374a') in 0.025052 seconds
Number of updated asset objects reloaded before import = 0
Number of asset objects unloaded after import = 1
========================================================================
Received Import Request.
  Time since last request: 0.000044 seconds.
  path: Assets/TextMesh Pro/Examples & Extras/Scenes/15 - Inline Graphics & Sprites.unity
  artifactKey: Guid(e76e6c0f81964cbda3fe0b7d26ed8060) Importer(2089858483,3d70f49cd1c2eb9ae422958d1c652c6b)
Start importing Assets/TextMesh Pro/Examples & Extras/Scenes/15 - Inline Graphics & Sprites.unity using Guid(e76e6c0f81964cbda3fe0b7d26ed8060) Importer(2089858483,3d70f49cd1c2eb9ae422958d1c652c6b) Opening scene 'Assets/TextMesh Pro/Examples & Extras/Scenes/15 - Inline Graphics & Sprites.unity additively'
LightingSettings: switching bake backend from 1 to 0.
Loaded scene 'Assets/TextMesh Pro/Examples & Extras/Scenes/15 - Inline Graphics & Sprites.unity'
	Deserialize:            49.818 ms
	Integration:            346.436 ms
	Integration of assets:  11.388 ms
	Thread Wait Time:       0.059 ms
	Total Operation Time:   407.701 ms
Generated GUIDs only implemented for interfaces!
 -> (artifact id: 'c8ac9475a237214887089f4734e6075a') in 0.513744 seconds
Number of updated asset objects reloaded before import = 0
Number of asset objects unloaded after import = 25
========================================================================
Received Import Request.
  Time since last request: 0.000056 seconds.
  path: Assets/FlyingSystem/CreatureFlyingSystem/Demo/Prefabs/Eagle.prefab
  artifactKey: Guid(15d2af2f41f6c964983ee9b74a10762b) Importer(2089858483,0ecaa5967403d082aa24f35e1b516d23)
Start importing Assets/FlyingSystem/CreatureFlyingSystem/Demo/Prefabs/Eagle.prefab using Guid(15d2af2f41f6c964983ee9b74a10762b) Importer(2089858483,0ecaa5967403d082aa24f35e1b516d23) Generated GUIDs only implemented for interfaces!
 -> (artifact id: 'aa574934abf97dc543f785a1de4dd545') in 0.115597 seconds
Number of updated asset objects reloaded before import = 0
Number of asset objects unloaded after import = 83
========================================================================
Received Import Request.
  Time since last request: 0.000046 seconds.
  path: Assets/FlyingSystem/Demo_Main/UI/Buttons/Land.png
  artifactKey: Guid(05abe99bc42355240a1ba60e81df6fff) Importer(2089858483,0ecaa5967403d082aa24f35e1b516d23)
Start importing Assets/FlyingSystem/Demo_Main/UI/Buttons/Land.png using Guid(05abe99bc42355240a1ba60e81df6fff) Importer(2089858483,0ecaa5967403d082aa24f35e1b516d23) Generated GUIDs only implemented for interfaces!
 -> (artifact id: '379330054ec8fe069bdb3ce11d5ed60c') in 0.110116 seconds
Number of updated asset objects reloaded before import = 0
Number of asset objects unloaded after import = 3
========================================================================
Received Import Request.
  Time since last request: 0.000132 seconds.
  path: Assets/FlyingSystem/FlyingVehicleFlyingSystem/Demo/Mesh
  artifactKey: Guid(8c5a6828d1b9ab74ab3c951f8773e931) Importer(2089858483,0ecaa5967403d082aa24f35e1b516d23)
Start importing Assets/FlyingSystem/FlyingVehicleFlyingSystem/Demo/Mesh using Guid(8c5a6828d1b9ab74ab3c951f8773e931) Importer(2089858483,0ecaa5967403d082aa24f35e1b516d23) Generated GUIDs only implemented for interfaces!
 -> (artifact id: '22634bb53c18bb22ddbd5f31034a37a3') in 0.097860 seconds
Number of updated asset objects reloaded before import = 0
Number of asset objects unloaded after import = 1
Editor requested this worker to shutdown with reason: balancing worker count downwards
TcpMessagingSession - receive error
AssetImportWorkerClient::OnTransportError - code=2 error=End of file
AssetImportWorker is now disconnected from the server
Process exiting
Exiting without the bug reporter. Application will terminate with return code 0