Using pre-set license
Built from '2022.3/staging' branch; Version is '2022.3.10f1 (ff3792e53c62) revision 16725906'; Using compiler version '192829333'; Build Type 'Release'
OS: 'Windows 11  (10.0.22621) 64bit Core' Language: 'en' Physical Memory: 16088 MB
BatchMode: 1, IsHumanControllingUs: 0, StartBugReporterOnCrash: 0, Is64bit: 1, IsPro: 1

COMMAND LINE ARGUMENTS:
C:\Program Files\Unity\Hub\Editor\2022.3.10f1\Editor\Unity.exe
-adb2
-batchMode
-noUpm
-name
AssetImportWorker6
-projectPath
C:/Users/manso/Uproject/challenge_5
-logFile
Logs/AssetImportWorker6.log
-srvPort
56674
Successfully changed project path to: C:/Users/manso/Uproject/challenge_5
C:/Users/manso/Uproject/challenge_5
[UnityMemory] Configuration Parameters - Can be set up in boot.config
    "memorysetup-bucket-allocator-granularity=16"
    "memorysetup-bucket-allocator-bucket-count=8"
    "memorysetup-bucket-allocator-block-size=33554432"
    "memorysetup-bucket-allocator-block-count=8"
    "memorysetup-main-allocator-block-size=16777216"
    "memorysetup-thread-allocator-block-size=16777216"
    "memorysetup-gfx-main-allocator-block-size=16777216"
    "memorysetup-gfx-thread-allocator-block-size=16777216"
    "memorysetup-cache-allocator-block-size=4194304"
    "memorysetup-typetree-allocator-block-size=2097152"
    "memorysetup-profiler-bucket-allocator-granularity=16"
    "memorysetup-profiler-bucket-allocator-bucket-count=8"
    "memorysetup-profiler-bucket-allocator-block-size=33554432"
    "memorysetup-profiler-bucket-allocator-block-count=8"
    "memorysetup-profiler-allocator-block-size=16777216"
    "memorysetup-profiler-editor-allocator-block-size=1048576"
    "memorysetup-temp-allocator-size-main=16777216"
    "memorysetup-job-temp-allocator-block-size=2097152"
    "memorysetup-job-temp-allocator-block-size-background=1048576"
    "memorysetup-job-temp-allocator-reduction-small-platforms=262144"
    "memorysetup-allocator-temp-initial-block-size-main=262144"
    "memorysetup-allocator-temp-initial-block-size-worker=262144"
    "memorysetup-temp-allocator-size-background-worker=32768"
    "memorysetup-temp-allocator-size-job-worker=262144"
    "memorysetup-temp-allocator-size-preload-manager=33554432"
    "memorysetup-temp-allocator-size-nav-mesh-worker=65536"
    "memorysetup-temp-allocator-size-audio-worker=65536"
    "memorysetup-temp-allocator-size-cloud-worker=32768"
    "memorysetup-temp-allocator-size-gi-baking-worker=262144"
    "memorysetup-temp-allocator-size-gfx=262144"
Player connection [38696] Host "[IP] 192.168.100.8 [Port] 0 [Flags] 2 [Guid] 1099276502 [EditorId] 1099276502 [Version] 1048832 [Id] WindowsEditor(7,Mskoll) [Debug] 1 [PackageName] WindowsEditor [ProjectName] Editor" joined multi-casting on [225.0.0.222:54997]...

Player connection [38696] Host "[IP] 192.168.100.8 [Port] 0 [Flags] 2 [Guid] 1099276502 [EditorId] 1099276502 [Version] 1048832 [Id] WindowsEditor(7,Mskoll) [Debug] 1 [PackageName] WindowsEditor [ProjectName] Editor" joined alternative multi-casting on [225.0.0.222:34997]...

[Physics::Module] Initialized MultithreadedJobDispatcher with 15 workers.
Refreshing native plugins compatible for Editor in 16.28 ms, found 3 plugins.
Preloading 0 native plugins for Editor in 0.00 ms.
Initialize engine version: 2022.3.10f1 (ff3792e53c62)
[Subsystems] Discovering subsystems at path C:/Program Files/Unity/Hub/Editor/2022.3.10f1/Editor/Data/Resources/UnitySubsystems
[Subsystems] Discovering subsystems at path C:/Users/manso/Uproject/challenge_5/Assets
GfxDevice: creating device client; threaded=0; jobified=0
Direct3D:
    Version:  Direct3D 11.0 [level 11.1]
    Renderer: NVIDIA GeForce RTX 4050 Laptop GPU (ID=0x28a1)
    Vendor:   NVIDIA
    VRAM:     5935 MB
    Driver:   31.0.15.3640
Initialize mono
Mono path[0] = 'C:/Program Files/Unity/Hub/Editor/2022.3.10f1/Editor/Data/Managed'
Mono path[1] = 'C:/Program Files/Unity/Hub/Editor/2022.3.10f1/Editor/Data/MonoBleedingEdge/lib/mono/unityjit-win32'
Mono config path = 'C:/Program Files/Unity/Hub/Editor/2022.3.10f1/Editor/Data/MonoBleedingEdge/etc'
Using monoOptions --debugger-agent=transport=dt_socket,embedding=1,server=y,suspend=n,address=127.0.0.1:56336
Begin MonoManager ReloadAssembly
Registering precompiled unity dll's ...
Register platform support module: C:/Program Files/Unity/Hub/Editor/2022.3.10f1/Editor/Data/PlaybackEngines/WebGLSupport/UnityEditor.WebGL.Extensions.dll
Register platform support module: C:/Program Files/Unity/Hub/Editor/2022.3.10f1/Editor/Data/PlaybackEngines/AndroidPlayer/UnityEditor.Android.Extensions.dll
Register platform support module: C:/Program Files/Unity/Hub/Editor/2022.3.10f1/Editor/Data/PlaybackEngines/WindowsStandaloneSupport/UnityEditor.WindowsStandalone.Extensions.dll
Registered in 0.025418 seconds.
- Loaded All Assemblies, in  1.292 seconds
Native extension for WindowsStandalone target not found
Native extension for Android target not found
Android Extension - Scanning For ADB Devices 708 ms
Native extension for WebGL target not found
Mono: successfully reloaded assembly
- Finished resetting the current domain, in  1.565 seconds
Domain Reload Profiling: 2855ms
	BeginReloadAssembly (472ms)
		ExecutionOrderSort (0ms)
		DisableScriptedObjects (0ms)
		BackupInstance (0ms)
		ReleaseScriptingObjects (0ms)
		CreateAndSetChildDomain (2ms)
	RebuildCommonClasses (109ms)
	RebuildNativeTypeToScriptingClass (37ms)
	initialDomainReloadingComplete (195ms)
	LoadAllAssembliesAndSetupDomain (476ms)
		LoadAssemblies (474ms)
		RebuildTransferFunctionScriptingTraits (0ms)
		AnalyzeDomain (464ms)
			TypeCache.Refresh (462ms)
				TypeCache.ScanAssembly (420ms)
			ScanForSourceGeneratedMonoScriptInfo (1ms)
			ResolveRequiredComponents (1ms)
	FinalizeReload (1566ms)
		ReleaseScriptCaches (0ms)
		RebuildScriptCaches (0ms)
		SetupLoadedEditorAssemblies (1436ms)
			LogAssemblyErrors (0ms)
			InitializePlatformSupportModulesInManaged (1060ms)
			SetLoadedEditorAssemblies (7ms)
			RefreshPlugins (0ms)
			BeforeProcessingInitializeOnLoad (6ms)
			ProcessInitializeOnLoadAttributes (258ms)
			ProcessInitializeOnLoadMethodAttributes (105ms)
			AfterProcessingInitializeOnLoad (0ms)
			EditorAssembliesLoaded (0ms)
		ExecutionOrderSort2 (0ms)
		AwakeInstancesAfterBackupRestoration (0ms)
========================================================================
Worker process is ready to serve import requests
Begin MonoManager ReloadAssembly
- Loaded All Assemblies, in  1.486 seconds
Refreshing native plugins compatible for Editor in 12.19 ms, found 3 plugins.
Native extension for WindowsStandalone target not found
Native extension for Android target not found
Native extension for WebGL target not found
Package Manager log level set to [2]
[Package Manager] Server::EnsureServerProcessIsRunning -- launch failed, reason: Unity was launched with the -noUpm command-line argument
[Package Manager] UpmClient::Send -- Unable to send message (not connected to UPM process).
[Package Manager] Cannot connect to Unity Package Manager local server
Mono: successfully reloaded assembly
- Finished resetting the current domain, in  1.457 seconds
Domain Reload Profiling: 2942ms
	BeginReloadAssembly (339ms)
		ExecutionOrderSort (0ms)
		DisableScriptedObjects (11ms)
		BackupInstance (0ms)
		ReleaseScriptingObjects (1ms)
		CreateAndSetChildDomain (41ms)
	RebuildCommonClasses (63ms)
	RebuildNativeTypeToScriptingClass (29ms)
	initialDomainReloadingComplete (89ms)
	LoadAllAssembliesAndSetupDomain (964ms)
		LoadAssemblies (723ms)
		RebuildTransferFunctionScriptingTraits (0ms)
		AnalyzeDomain (457ms)
			TypeCache.Refresh (380ms)
				TypeCache.ScanAssembly (346ms)
			ScanForSourceGeneratedMonoScriptInfo (43ms)
			ResolveRequiredComponents (32ms)
	FinalizeReload (1458ms)
		ReleaseScriptCaches (0ms)
		RebuildScriptCaches (0ms)
		SetupLoadedEditorAssemblies (1101ms)
			LogAssemblyErrors (0ms)
			InitializePlatformSupportModulesInManaged (51ms)
			SetLoadedEditorAssemblies (6ms)
			RefreshPlugins (0ms)
			BeforeProcessingInitializeOnLoad (130ms)
			ProcessInitializeOnLoadAttributes (717ms)
			ProcessInitializeOnLoadMethodAttributes (185ms)
			AfterProcessingInitializeOnLoad (11ms)
			EditorAssembliesLoaded (0ms)
		ExecutionOrderSort2 (0ms)
		AwakeInstancesAfterBackupRestoration (12ms)
Launched and connected shader compiler UnityShaderCompiler.exe after 0.39 seconds
Refreshing native plugins compatible for Editor in 52.84 ms, found 3 plugins.
Preloading 0 native plugins for Editor in 0.00 ms.
Unloading 5751 Unused Serialized files (Serialized files now loaded: 0)
Unloading 86 unused Assets / (0.8 MB). Loaded Objects now: 6212.
Memory consumption went from 230.5 MB to 229.7 MB.
Total: 9.917300 ms (FindLiveObjects: 0.745400 ms CreateObjectMapping: 0.537400 ms MarkObjects: 7.722500 ms  DeleteObjects: 0.909400 ms)

AssetImportParameters requested are different than current active one (requested -> active):
  custom:container-demuxer-ogg: 62fdf1f143b41e24485cea50d1cbac27 -> 
  custom:video-decoder-ogg-theora: a1e56fd34408186e4bbccfd4996cb3dc -> 
  custom:framework-win-MediaFoundation: 216162199b28c13a410421893ffa2e32 -> 
  custom:CustomObjectIndexerAttribute: a3ef5dd2817f97addfee359851a9dba5 -> 
  custom:container-demuxer-webm: 4f35f7cbe854078d1ac9338744f61a02 -> 
  custom:scripting/monoscript/fileName/ViteAereaController.cs: 9da9806b32d4a345f7835e5451843b96 -> 
  custom:container-muxer-webm: aa71ff27fc2769a1b78a27578f13a17b -> 
  custom:video-decoder-webm-vp8: 9c59270c3fd7afecdb556c50c9e8de78 -> 
  custom:SearchIndexIgnoredProperties: e643bd26f0fe6173181afceb89e7c659 -> 
  custom:AudioImporter_EditorPlatform: d09bf68614088b80899f8185d706f6e7 -> 
  custom:video-encoder-webm-vp8: eb34c28f22e8b96e1ab97ce403110664 -> 
  custom:audio-decoder-ogg-vorbis: bf7c407c2cedff20999df2af8eb42d56 -> 
  custom:scripting/monoscript/fileName/GliderFlyingSystem.cs: 23960c3b37041279466c29cfb323afe1 -> 
  custom:audio-encoder-webm-vorbis: bf7c407c2cedff20999df2af8eb42d56 -> 
  custom:scripting/monoscript/fileName/GliderController.cs: a3a552c97ff661b909a1fbac78c136f3 -> 
========================================================================
Received Import Request.
  Time since last request: 1368783.368735 seconds.
  path: Assets/color/Ch15_1001_Specular.png
  artifactKey: Guid(c5cf377f94933174faab75881871da35) Importer(2089858483,0ecaa5967403d082aa24f35e1b516d23)
Start importing Assets/color/Ch15_1001_Specular.png using Guid(c5cf377f94933174faab75881871da35) Importer(2089858483,0ecaa5967403d082aa24f35e1b516d23) Generated GUIDs only implemented for interfaces!
 -> (artifact id: '059707596a21e14e2effd0485e48674f') in 1.207521 seconds
Number of updated asset objects reloaded before import = 0
Number of asset objects unloaded after import = 1
========================================================================
Received Import Request.
  Time since last request: 0.000072 seconds.
  path: Assets/3D Haven/Free Fantasy Terrain Textures/Demo/Terrains/Terrain 0-2-0.asset
  artifactKey: Guid(98fd91c09fcd9014fb3053fa2f91f692) Importer(2089858483,3d70f49cd1c2eb9ae422958d1c652c6b)
Start importing Assets/3D Haven/Free Fantasy Terrain Textures/Demo/Terrains/Terrain 0-2-0.asset using Guid(98fd91c09fcd9014fb3053fa2f91f692) Importer(2089858483,3d70f49cd1c2eb9ae422958d1c652c6b) Generated GUIDs only implemented for interfaces!
 -> (artifact id: 'c2d8669538fb853f5ea4dc61ed644e20') in 0.198656 seconds
Number of updated asset objects reloaded before import = 0
Number of asset objects unloaded after import = 3
========================================================================
Received Import Request.
  Time since last request: 0.000042 seconds.
  path: Assets/Customizable Skybox/Stylized Sky/Shaders
  artifactKey: Guid(a467af176e3ceba48899c668a09878d2) Importer(2089858483,0ecaa5967403d082aa24f35e1b516d23)
Start importing Assets/Customizable Skybox/Stylized Sky/Shaders using Guid(a467af176e3ceba48899c668a09878d2) Importer(2089858483,0ecaa5967403d082aa24f35e1b516d23) Generated GUIDs only implemented for interfaces!
 -> (artifact id: 'a23f519b8c221da673098922f40e7697') in 0.049004 seconds
Number of updated asset objects reloaded before import = 0
Number of asset objects unloaded after import = 1
========================================================================
Received Import Request.
  Time since last request: 0.000056 seconds.
  path: Assets/TextMesh Pro/Resources/Style Sheets/Default Style Sheet.asset
  artifactKey: Guid(f952c082cb03451daed3ee968ac6c63e) Importer(2089858483,3d70f49cd1c2eb9ae422958d1c652c6b)
Start importing Assets/TextMesh Pro/Resources/Style Sheets/Default Style Sheet.asset using Guid(f952c082cb03451daed3ee968ac6c63e) Importer(2089858483,3d70f49cd1c2eb9ae422958d1c652c6b) Generated GUIDs only implemented for interfaces!
 -> (artifact id: 'f31f08c1cf34a7881497d7618db5506a') in 0.035169 seconds
Number of updated asset objects reloaded before import = 0
Number of asset objects unloaded after import = 0
========================================================================
Received Import Request.
  Time since last request: 0.000032 seconds.
  path: Assets/TextMesh Pro/Examples & Extras/Resources/Fonts & Materials/Oswald Bold SDF.asset
  artifactKey: Guid(0161d805a3764c089bef00bfe00793f5) Importer(2089858483,0ecaa5967403d082aa24f35e1b516d23)
Start importing Assets/TextMesh Pro/Examples & Extras/Resources/Fonts & Materials/Oswald Bold SDF.asset using Guid(0161d805a3764c089bef00bfe00793f5) Importer(2089858483,0ecaa5967403d082aa24f35e1b516d23) Generated GUIDs only implemented for interfaces!
 -> (artifact id: '8c380223a5ab94ce0609c4acaa3a9563') in 0.405263 seconds
Number of updated asset objects reloaded before import = 0
Number of asset objects unloaded after import = 5
========================================================================
Received Import Request.
  Time since last request: 0.000032 seconds.
  path: Assets/TextMesh Pro/Examples & Extras/Scenes/19 - Masking Texture & Soft Mask.unity
  artifactKey: Guid(9abcd5bd764646568a6ea70d00f9264c) Importer(2089858483,3d70f49cd1c2eb9ae422958d1c652c6b)
Start importing Assets/TextMesh Pro/Examples & Extras/Scenes/19 - Masking Texture & Soft Mask.unity using Guid(9abcd5bd764646568a6ea70d00f9264c) Importer(2089858483,3d70f49cd1c2eb9ae422958d1c652c6b) Opening scene 'Assets/TextMesh Pro/Examples & Extras/Scenes/19 - Masking Texture & Soft Mask.unity additively'
LightingSettings: switching bake backend from 1 to 0.
Loaded scene 'Assets/TextMesh Pro/Examples & Extras/Scenes/19 - Masking Texture & Soft Mask.unity'
	Deserialize:            61.365 ms
	Integration:            180.281 ms
	Integration of assets:  5.407 ms
	Thread Wait Time:       0.003 ms
	Total Operation Time:   247.057 ms
Generated GUIDs only implemented for interfaces!
 -> (artifact id: '7f114716acb11abd978a832765340861') in 0.348456 seconds
Number of updated asset objects reloaded before import = 0
Number of asset objects unloaded after import = 18
========================================================================
Received Import Request.
  Time since last request: 0.000059 seconds.
  path: Assets/FlyingSystem/CreatureFlyingSystem/Demo/Scenes/CreatureFlyingSystem.unity
  artifactKey: Guid(a3749735b58a60e48bc974ff996d92f5) Importer(2089858483,0ecaa5967403d082aa24f35e1b516d23)
Start importing Assets/FlyingSystem/CreatureFlyingSystem/Demo/Scenes/CreatureFlyingSystem.unity using Guid(a3749735b58a60e48bc974ff996d92f5) Importer(2089858483,0ecaa5967403d082aa24f35e1b516d23) Generated GUIDs only implemented for interfaces!
 -> (artifact id: 'e87973c6170f99b099630b3322e6a296') in 0.044603 seconds
Number of updated asset objects reloaded before import = 0
Number of asset objects unloaded after import = 1
========================================================================
Received Import Request.
  Time since last request: 0.000029 seconds.
  path: Assets/3D Haven/Free Fantasy Terrain Textures/Demo/Terrains/Terrain 2-2-0.asset
  artifactKey: Guid(7e038da9be4283c428ff52333a38fac3) Importer(2089858483,3d70f49cd1c2eb9ae422958d1c652c6b)
Start importing Assets/3D Haven/Free Fantasy Terrain Textures/Demo/Terrains/Terrain 2-2-0.asset using Guid(7e038da9be4283c428ff52333a38fac3) Importer(2089858483,3d70f49cd1c2eb9ae422958d1c652c6b) Generated GUIDs only implemented for interfaces!
 -> (artifact id: '3eec05eac541b27d65abaa74e4ab7d4f') in 0.074830 seconds
Number of updated asset objects reloaded before import = 0
Number of asset objects unloaded after import = 3
========================================================================
Received Import Request.
  Time since last request: 0.000026 seconds.
  path: Assets/FlyingSystem/HelicopterFlyingSystem/Demo/Mesh/Helicopter
  artifactKey: Guid(01843158ddd86d840a81073ddcda5773) Importer(2089858483,0ecaa5967403d082aa24f35e1b516d23)
Start importing Assets/FlyingSystem/HelicopterFlyingSystem/Demo/Mesh/Helicopter using Guid(01843158ddd86d840a81073ddcda5773) Importer(2089858483,0ecaa5967403d082aa24f35e1b516d23) Generated GUIDs only implemented for interfaces!
 -> (artifact id: 'e45433eeafb7b463419bf879a003a295') in 0.051370 seconds
Number of updated asset objects reloaded before import = 0
Number of asset objects unloaded after import = 1
========================================================================
Received Import Request.
  Time since last request: 0.000031 seconds.
  path: Assets/Sand textures pack/Sand 09/diffuse.tga
  artifactKey: Guid(a4ceed7e55067fa4f8f7b96f3f8abc23) Importer(2089858483,0ecaa5967403d082aa24f35e1b516d23)
Start importing Assets/Sand textures pack/Sand 09/diffuse.tga using Guid(a4ceed7e55067fa4f8f7b96f3f8abc23) Importer(2089858483,0ecaa5967403d082aa24f35e1b516d23) Generated GUIDs only implemented for interfaces!
 -> (artifact id: '408a6514a1da79c9e91f6c862791b12f') in 0.103260 seconds
Number of updated asset objects reloaded before import = 0
Number of asset objects unloaded after import = 1
========================================================================
Received Import Request.
  Time since last request: 0.000046 seconds.
  path: Assets/FlyingSystem/HelicopterFlyingSystem/Demo/Scripts
  artifactKey: Guid(64adb36f816387a4e964bbc11d3b7570) Importer(2089858483,0ecaa5967403d082aa24f35e1b516d23)
Start importing Assets/FlyingSystem/HelicopterFlyingSystem/Demo/Scripts using Guid(64adb36f816387a4e964bbc11d3b7570) Importer(2089858483,0ecaa5967403d082aa24f35e1b516d23) Generated GUIDs only implemented for interfaces!
 -> (artifact id: 'a1a10b2f7b92c753e8d3a5fd179b2f82') in 0.023129 seconds
Number of updated asset objects reloaded before import = 0
Number of asset objects unloaded after import = 1
========================================================================
Received Import Request.
  Time since last request: 0.000073 seconds.
  path: Assets/FlyingSystem/AircraftFlyingSystem/Demo/Mesh/Jet/Materials/WheelMaterial.mat
  artifactKey: Guid(4db7dd22f6480eb4c802f93698b5b4f7) Importer(2089858483,0ecaa5967403d082aa24f35e1b516d23)
Start importing Assets/FlyingSystem/AircraftFlyingSystem/Demo/Mesh/Jet/Materials/WheelMaterial.mat using Guid(4db7dd22f6480eb4c802f93698b5b4f7) Importer(2089858483,0ecaa5967403d082aa24f35e1b516d23) Generated GUIDs only implemented for interfaces!
 -> (artifact id: '0e59a9379960389e9e0b8b6b72e3407e') in 0.065210 seconds
Number of updated asset objects reloaded before import = 0
Number of asset objects unloaded after import = 1
========================================================================
Received Import Request.
  Time since last request: 0.000027 seconds.
  path: Assets/FlyingSystem/Flying Vehicle Flying System Documentation.pdf
  artifactKey: Guid(aa600b095b369ca42bed45c372a65ff0) Importer(2089858483,0ecaa5967403d082aa24f35e1b516d23)
Start importing Assets/FlyingSystem/Flying Vehicle Flying System Documentation.pdf using Guid(aa600b095b369ca42bed45c372a65ff0) Importer(2089858483,0ecaa5967403d082aa24f35e1b516d23) Generated GUIDs only implemented for interfaces!
 -> (artifact id: '0ac9aaab2b359196264ea0ceea5de72b') in 0.019490 seconds
Number of updated asset objects reloaded before import = 0
Number of asset objects unloaded after import = 1
========================================================================
Received Import Request.
  Time since last request: 0.000071 seconds.
  path: Assets/FlyingSystem/CreatureFlyingSystem/Demo/Mesh/Eagle/Materials
  artifactKey: Guid(646ef889c1f8c404184b610fe9c09daa) Importer(2089858483,0ecaa5967403d082aa24f35e1b516d23)
Start importing Assets/FlyingSystem/CreatureFlyingSystem/Demo/Mesh/Eagle/Materials using Guid(646ef889c1f8c404184b610fe9c09daa) Importer(2089858483,0ecaa5967403d082aa24f35e1b516d23) Generated GUIDs only implemented for interfaces!
 -> (artifact id: 'b219c0dcf4294968d9a8fbb138e16546') in 0.028369 seconds
Number of updated asset objects reloaded before import = 0
Number of asset objects unloaded after import = 1
========================================================================
Received Import Request.
  Time since last request: 0.000034 seconds.
  path: Assets/Sand textures pack/Sand 01
  artifactKey: Guid(75c9b6cc7070ecb4f82255465fdfd65a) Importer(2089858483,0ecaa5967403d082aa24f35e1b516d23)
Start importing Assets/Sand textures pack/Sand 01 using Guid(75c9b6cc7070ecb4f82255465fdfd65a) Importer(2089858483,0ecaa5967403d082aa24f35e1b516d23) Generated GUIDs only implemented for interfaces!
 -> (artifact id: 'f4501352707fa7d6a4a3dc76a25fe071') in 0.023481 seconds
Number of updated asset objects reloaded before import = 0
Number of asset objects unloaded after import = 1
========================================================================
Received Import Request.
  Time since last request: 0.000047 seconds.
  path: Assets/FlyingSystem/CreatureFlyingSystem/Demo/Mesh/Duck
  artifactKey: Guid(266a7ab08da84cb4f9353599f71483ce) Importer(2089858483,0ecaa5967403d082aa24f35e1b516d23)
Start importing Assets/FlyingSystem/CreatureFlyingSystem/Demo/Mesh/Duck using Guid(266a7ab08da84cb4f9353599f71483ce) Importer(2089858483,0ecaa5967403d082aa24f35e1b516d23) Generated GUIDs only implemented for interfaces!
 -> (artifact id: '9a5b74826d914882e0ff15ab096950a3') in 0.045303 seconds
Number of updated asset objects reloaded before import = 0
Number of asset objects unloaded after import = 1
========================================================================
Received Import Request.
  Time since last request: 0.000157 seconds.
  path: Assets/Ch15_nonPBR@Walk With Briefcase.fbx
  artifactKey: Guid(b8acb9ac3e23d3e48a396b1c3bef46e0) Importer(2089858483,0ecaa5967403d082aa24f35e1b516d23)
Start importing Assets/Ch15_nonPBR@Walk With Briefcase.fbx using Guid(b8acb9ac3e23d3e48a396b1c3bef46e0) Importer(2089858483,0ecaa5967403d082aa24f35e1b516d23) Generated GUIDs only implemented for interfaces!
 -> (artifact id: 'fce6ab62e7f3118232c35ade83b1424b') in 0.184264 seconds
Number of updated asset objects reloaded before import = 0
Number of asset objects unloaded after import = 136
========================================================================
Received Import Request.
  Time since last request: 0.000034 seconds.
  path: Assets/FlyingSystem/FlyingVehicleFlyingSystem/Demo/Mesh/FlyingCar
  artifactKey: Guid(d81c54a09780f7e458ad818b74b78193) Importer(2089858483,0ecaa5967403d082aa24f35e1b516d23)
Start importing Assets/FlyingSystem/FlyingVehicleFlyingSystem/Demo/Mesh/FlyingCar using Guid(d81c54a09780f7e458ad818b74b78193) Importer(2089858483,0ecaa5967403d082aa24f35e1b516d23) Generated GUIDs only implemented for interfaces!
 -> (artifact id: '15147e584da85252b4e3cac703d28e6e') in 0.016608 seconds
Number of updated asset objects reloaded before import = 0
Number of asset objects unloaded after import = 1
========================================================================
Received Import Request.
  Time since last request: 0.000052 seconds.
  path: Assets/FlyingSystem/Humanoid Aircraft Flying System Documentation.pdf
  artifactKey: Guid(04d4a93f08449f94d96ca4d1424c5cba) Importer(2089858483,0ecaa5967403d082aa24f35e1b516d23)
Start importing Assets/FlyingSystem/Humanoid Aircraft Flying System Documentation.pdf using Guid(04d4a93f08449f94d96ca4d1424c5cba) Importer(2089858483,0ecaa5967403d082aa24f35e1b516d23) Generated GUIDs only implemented for interfaces!
 -> (artifact id: 'f5f67445cb9d4e4c636266078de4f5b3') in 0.029722 seconds
Number of updated asset objects reloaded before import = 0
Number of asset objects unloaded after import = 1
========================================================================
Received Import Request.
  Time since last request: 0.000030 seconds.
  path: Assets/FlyingSystem/HelicopterFlyingSystem/Demo/Mesh/Drone/Drone.fbx
  artifactKey: Guid(ad6e14c9ca7005c4086ddcf14be39f36) Importer(2089858483,0ecaa5967403d082aa24f35e1b516d23)
Start importing Assets/FlyingSystem/HelicopterFlyingSystem/Demo/Mesh/Drone/Drone.fbx using Guid(ad6e14c9ca7005c4086ddcf14be39f36) Importer(2089858483,0ecaa5967403d082aa24f35e1b516d23) Generated GUIDs only implemented for interfaces!
 -> (artifact id: '3f5fecbc9cb78f4a5f88932b1f532a15') in 0.086087 seconds
Number of updated asset objects reloaded before import = 0
Number of asset objects unloaded after import = 7
========================================================================
Received Import Request.
  Time since last request: 0.000031 seconds.
  path: Assets/FlyingSystem/HumanoidAircraftFlyingSystem/Demo/Scripts
  artifactKey: Guid(b03a200ef2733324889101efa5fdb644) Importer(2089858483,0ecaa5967403d082aa24f35e1b516d23)
Start importing Assets/FlyingSystem/HumanoidAircraftFlyingSystem/Demo/Scripts using Guid(b03a200ef2733324889101efa5fdb644) Importer(2089858483,0ecaa5967403d082aa24f35e1b516d23) Generated GUIDs only implemented for interfaces!
 -> (artifact id: '910eb180a1f13c2ad415b6829b10c33a') in 0.028177 seconds
Number of updated asset objects reloaded before import = 0
Number of asset objects unloaded after import = 1
========================================================================
Received Import Request.
  Time since last request: 0.000089 seconds.
  path: Assets/FlyingSystem/Demo_Main/Scripts/Events/RollRight.cs
  artifactKey: Guid(7b45d2e05f76aea40adaaa47ed82bb87) Importer(2089858483,0ecaa5967403d082aa24f35e1b516d23)
Start importing Assets/FlyingSystem/Demo_Main/Scripts/Events/RollRight.cs using Guid(7b45d2e05f76aea40adaaa47ed82bb87) Importer(2089858483,0ecaa5967403d082aa24f35e1b516d23) Generated GUIDs only implemented for interfaces!
 -> (artifact id: '855d8cba22e9d20557cfd8791b82116d') in 0.069063 seconds
Number of updated asset objects reloaded before import = 0
Number of asset objects unloaded after import = 1
========================================================================
Received Import Request.
  Time since last request: 0.000037 seconds.
  path: Assets/FlyingSystem/CreatureFlyingSystem/Demo/Prefabs
  artifactKey: Guid(8062ee988c674ee45b4a4f46748edf22) Importer(2089858483,0ecaa5967403d082aa24f35e1b516d23)
Start importing Assets/FlyingSystem/CreatureFlyingSystem/Demo/Prefabs using Guid(8062ee988c674ee45b4a4f46748edf22) Importer(2089858483,0ecaa5967403d082aa24f35e1b516d23) Generated GUIDs only implemented for interfaces!
 -> (artifact id: '9d5572284cff0e078979d96c30a686bc') in 0.019073 seconds
Number of updated asset objects reloaded before import = 0
Number of asset objects unloaded after import = 1
========================================================================
Received Import Request.
  Time since last request: 0.000218 seconds.
  path: Assets/TextMesh Pro/Examples & Extras/Resources/Fonts & Materials/Roboto-Bold SDF.asset
  artifactKey: Guid(5302535af1044152a457ed104f1f4b91) Importer(2089858483,3d70f49cd1c2eb9ae422958d1c652c6b)
Start importing Assets/TextMesh Pro/Examples & Extras/Resources/Fonts & Materials/Roboto-Bold SDF.asset using Guid(5302535af1044152a457ed104f1f4b91) Importer(2089858483,3d70f49cd1c2eb9ae422958d1c652c6b) Generated GUIDs only implemented for interfaces!
 -> (artifact id: '50ad33a8d20ba42a4e012a2b44109814') in 0.106220 seconds
Number of updated asset objects reloaded before import = 0
Number of asset objects unloaded after import = 4
========================================================================
Received Import Request.
  Time since last request: 0.000031 seconds.
  path: Assets/FlyingSystem/AircraftFlyingSystem/Demo/Audio/Airplane.wav
  artifactKey: Guid(5e8f5f50a35e1574ba8837fb2a08c032) Importer(2089858483,0ecaa5967403d082aa24f35e1b516d23)
Start importing Assets/FlyingSystem/AircraftFlyingSystem/Demo/Audio/Airplane.wav using Guid(5e8f5f50a35e1574ba8837fb2a08c032) Importer(2089858483,0ecaa5967403d082aa24f35e1b516d23) Generated GUIDs only implemented for interfaces!
 -> (artifact id: '756cfc5cf28b74e508eb2624cf5d5bb1') in 0.399837 seconds
Number of updated asset objects reloaded before import = 0
Number of asset objects unloaded after import = 1
========================================================================
Received Import Request.
  Time since last request: 0.000039 seconds.
  path: Assets/Sand textures pack/Sand 04/normal.tga
  artifactKey: Guid(5b605e7f683caf04cbc4b1b74299d86d) Importer(2089858483,0ecaa5967403d082aa24f35e1b516d23)
Start importing Assets/Sand textures pack/Sand 04/normal.tga using Guid(5b605e7f683caf04cbc4b1b74299d86d) Importer(2089858483,0ecaa5967403d082aa24f35e1b516d23) Generated GUIDs only implemented for interfaces!
 -> (artifact id: 'b4c69f5fd3c90ba0ba16618e5f2acd72') in 0.112321 seconds
Number of updated asset objects reloaded before import = 0
Number of asset objects unloaded after import = 1
========================================================================
Received Import Request.
  Time since last request: 0.000089 seconds.
  path: Assets/FlyingSystem/CreatureFlyingSystem/Demo/Mesh/Dragon
  artifactKey: Guid(8f9f26f0728b4dd4aa00f041c0ceea17) Importer(2089858483,0ecaa5967403d082aa24f35e1b516d23)
Start importing Assets/FlyingSystem/CreatureFlyingSystem/Demo/Mesh/Dragon using Guid(8f9f26f0728b4dd4aa00f041c0ceea17) Importer(2089858483,0ecaa5967403d082aa24f35e1b516d23) Generated GUIDs only implemented for interfaces!
 -> (artifact id: '7cffab55f9c2e39d54b18fa2a9d1ae2b') in 0.027120 seconds
Number of updated asset objects reloaded before import = 0
Number of asset objects unloaded after import = 1
========================================================================
Received Import Request.
  Time since last request: 0.000137 seconds.
  path: Assets/FlyingSystem/Demo_Main/Mesh/Environment/Stage/Stage.fbx
  artifactKey: Guid(e961000f6953ceb42b244c0cc038ebbb) Importer(2089858483,0ecaa5967403d082aa24f35e1b516d23)
Start importing Assets/FlyingSystem/Demo_Main/Mesh/Environment/Stage/Stage.fbx using Guid(e961000f6953ceb42b244c0cc038ebbb) Importer(2089858483,0ecaa5967403d082aa24f35e1b516d23) Generated GUIDs only implemented for interfaces!
 -> (artifact id: '77f98e50bd7fdc312bc303b328e420fe') in 0.142835 seconds
Number of updated asset objects reloaded before import = 0
Number of asset objects unloaded after import = 7
Editor requested this worker to shutdown with reason: balancing worker count downwards
TcpMessagingSession - receive error: operation aborted. errorcode: 995, details: The I/O operation has been aborted because of either a thread exit or an application request.
AssetImportWorker is now disconnected from the server
Process exiting
Exiting without the bug reporter. Application will terminate with return code 0