Using pre-set license
Built from '2022.3/staging' branch; Version is '2022.3.10f1 (ff3792e53c62) revision 16725906'; Using compiler version '192829333'; Build Type 'Release'
OS: 'Windows 11  (10.0.22621) 64bit Core' Language: 'en' Physical Memory: 16088 MB
BatchMode: 1, IsHumanControllingUs: 0, StartBugReporterOnCrash: 0, Is64bit: 1, IsPro: 1

COMMAND LINE ARGUMENTS:
C:\Program Files\Unity\Hub\Editor\2022.3.10f1\Editor\Unity.exe
-adb2
-batchMode
-noUpm
-name
AssetImportWorker2
-projectPath
C:/Users/manso/Uproject/challenge_5
-logFile
Logs/AssetImportWorker2.log
-srvPort
56674
Successfully changed project path to: C:/Users/manso/Uproject/challenge_5
C:/Users/manso/Uproject/challenge_5
[UnityMemory] Configuration Parameters - Can be set up in boot.config
    "memorysetup-bucket-allocator-granularity=16"
    "memorysetup-bucket-allocator-bucket-count=8"
    "memorysetup-bucket-allocator-block-size=33554432"
    "memorysetup-bucket-allocator-block-count=8"
    "memorysetup-main-allocator-block-size=16777216"
    "memorysetup-thread-allocator-block-size=16777216"
    "memorysetup-gfx-main-allocator-block-size=16777216"
    "memorysetup-gfx-thread-allocator-block-size=16777216"
    "memorysetup-cache-allocator-block-size=4194304"
    "memorysetup-typetree-allocator-block-size=2097152"
    "memorysetup-profiler-bucket-allocator-granularity=16"
    "memorysetup-profiler-bucket-allocator-bucket-count=8"
    "memorysetup-profiler-bucket-allocator-block-size=33554432"
    "memorysetup-profiler-bucket-allocator-block-count=8"
    "memorysetup-profiler-allocator-block-size=16777216"
    "memorysetup-profiler-editor-allocator-block-size=1048576"
    "memorysetup-temp-allocator-size-main=16777216"
    "memorysetup-job-temp-allocator-block-size=2097152"
    "memorysetup-job-temp-allocator-block-size-background=1048576"
    "memorysetup-job-temp-allocator-reduction-small-platforms=262144"
    "memorysetup-allocator-temp-initial-block-size-main=262144"
    "memorysetup-allocator-temp-initial-block-size-worker=262144"
    "memorysetup-temp-allocator-size-background-worker=32768"
    "memorysetup-temp-allocator-size-job-worker=262144"
    "memorysetup-temp-allocator-size-preload-manager=33554432"
    "memorysetup-temp-allocator-size-nav-mesh-worker=65536"
    "memorysetup-temp-allocator-size-audio-worker=65536"
    "memorysetup-temp-allocator-size-cloud-worker=32768"
    "memorysetup-temp-allocator-size-gi-baking-worker=262144"
    "memorysetup-temp-allocator-size-gfx=262144"
Player connection [36132] Host "[IP] 192.168.100.8 [Port] 0 [Flags] 2 [Guid] 277103205 [EditorId] 277103205 [Version] 1048832 [Id] WindowsEditor(7,Mskoll) [Debug] 1 [PackageName] WindowsEditor [ProjectName] Editor" joined multi-casting on [225.0.0.222:54997]...

Player connection [36132] Host "[IP] 192.168.100.8 [Port] 0 [Flags] 2 [Guid] 277103205 [EditorId] 277103205 [Version] 1048832 [Id] WindowsEditor(7,Mskoll) [Debug] 1 [PackageName] WindowsEditor [ProjectName] Editor" joined alternative multi-casting on [225.0.0.222:34997]...

[Physics::Module] Initialized MultithreadedJobDispatcher with 15 workers.
Refreshing native plugins compatible for Editor in 17.70 ms, found 3 plugins.
Preloading 0 native plugins for Editor in 0.00 ms.
Initialize engine version: 2022.3.10f1 (ff3792e53c62)
[Subsystems] Discovering subsystems at path C:/Program Files/Unity/Hub/Editor/2022.3.10f1/Editor/Data/Resources/UnitySubsystems
[Subsystems] Discovering subsystems at path C:/Users/manso/Uproject/challenge_5/Assets
GfxDevice: creating device client; threaded=0; jobified=0
Direct3D:
    Version:  Direct3D 11.0 [level 11.1]
    Renderer: NVIDIA GeForce RTX 4050 Laptop GPU (ID=0x28a1)
    Vendor:   NVIDIA
    VRAM:     5935 MB
    Driver:   31.0.15.3640
Initialize mono
Mono path[0] = 'C:/Program Files/Unity/Hub/Editor/2022.3.10f1/Editor/Data/Managed'
Mono path[1] = 'C:/Program Files/Unity/Hub/Editor/2022.3.10f1/Editor/Data/MonoBleedingEdge/lib/mono/unityjit-win32'
Mono config path = 'C:/Program Files/Unity/Hub/Editor/2022.3.10f1/Editor/Data/MonoBleedingEdge/etc'
Using monoOptions --debugger-agent=transport=dt_socket,embedding=1,server=y,suspend=n,address=127.0.0.1:56036
Begin MonoManager ReloadAssembly
Registering precompiled unity dll's ...
Register platform support module: C:/Program Files/Unity/Hub/Editor/2022.3.10f1/Editor/Data/PlaybackEngines/WebGLSupport/UnityEditor.WebGL.Extensions.dll
Register platform support module: C:/Program Files/Unity/Hub/Editor/2022.3.10f1/Editor/Data/PlaybackEngines/AndroidPlayer/UnityEditor.Android.Extensions.dll
Register platform support module: C:/Program Files/Unity/Hub/Editor/2022.3.10f1/Editor/Data/PlaybackEngines/WindowsStandaloneSupport/UnityEditor.WindowsStandalone.Extensions.dll
Registered in 0.022659 seconds.
- Loaded All Assemblies, in  1.548 seconds
Native extension for WindowsStandalone target not found
Native extension for Android target not found
Android Extension - Scanning For ADB Devices 655 ms
Native extension for WebGL target not found
Mono: successfully reloaded assembly
- Finished resetting the current domain, in  1.587 seconds
Domain Reload Profiling: 3133ms
	BeginReloadAssembly (626ms)
		ExecutionOrderSort (0ms)
		DisableScriptedObjects (0ms)
		BackupInstance (0ms)
		ReleaseScriptingObjects (0ms)
		CreateAndSetChildDomain (3ms)
	RebuildCommonClasses (155ms)
	RebuildNativeTypeToScriptingClass (43ms)
	initialDomainReloadingComplete (162ms)
	LoadAllAssembliesAndSetupDomain (559ms)
		LoadAssemblies (623ms)
		RebuildTransferFunctionScriptingTraits (0ms)
		AnalyzeDomain (548ms)
			TypeCache.Refresh (544ms)
				TypeCache.ScanAssembly (509ms)
			ScanForSourceGeneratedMonoScriptInfo (1ms)
			ResolveRequiredComponents (1ms)
	FinalizeReload (1588ms)
		ReleaseScriptCaches (0ms)
		RebuildScriptCaches (0ms)
		SetupLoadedEditorAssemblies (1435ms)
			LogAssemblyErrors (0ms)
			InitializePlatformSupportModulesInManaged (999ms)
			SetLoadedEditorAssemblies (8ms)
			RefreshPlugins (0ms)
			BeforeProcessingInitializeOnLoad (5ms)
			ProcessInitializeOnLoadAttributes (304ms)
			ProcessInitializeOnLoadMethodAttributes (119ms)
			AfterProcessingInitializeOnLoad (0ms)
			EditorAssembliesLoaded (0ms)
		ExecutionOrderSort2 (0ms)
		AwakeInstancesAfterBackupRestoration (0ms)
========================================================================
Worker process is ready to serve import requests
Begin MonoManager ReloadAssembly
- Loaded All Assemblies, in  1.592 seconds
Refreshing native plugins compatible for Editor in 7.06 ms, found 3 plugins.
Native extension for WindowsStandalone target not found
Native extension for Android target not found
Native extension for WebGL target not found
Package Manager log level set to [2]
[Package Manager] Server::EnsureServerProcessIsRunning -- launch failed, reason: Unity was launched with the -noUpm command-line argument
[Package Manager] UpmClient::Send -- Unable to send message (not connected to UPM process).
[Package Manager] Cannot connect to Unity Package Manager local server
Mono: successfully reloaded assembly
- Finished resetting the current domain, in  1.414 seconds
Domain Reload Profiling: 3004ms
	BeginReloadAssembly (368ms)
		ExecutionOrderSort (0ms)
		DisableScriptedObjects (12ms)
		BackupInstance (0ms)
		ReleaseScriptingObjects (0ms)
		CreateAndSetChildDomain (48ms)
	RebuildCommonClasses (91ms)
	RebuildNativeTypeToScriptingClass (22ms)
	initialDomainReloadingComplete (89ms)
	LoadAllAssembliesAndSetupDomain (1019ms)
		LoadAssemblies (775ms)
		RebuildTransferFunctionScriptingTraits (0ms)
		AnalyzeDomain (480ms)
			TypeCache.Refresh (398ms)
				TypeCache.ScanAssembly (360ms)
			ScanForSourceGeneratedMonoScriptInfo (49ms)
			ResolveRequiredComponents (30ms)
	FinalizeReload (1415ms)
		ReleaseScriptCaches (0ms)
		RebuildScriptCaches (0ms)
		SetupLoadedEditorAssemblies (1056ms)
			LogAssemblyErrors (0ms)
			InitializePlatformSupportModulesInManaged (50ms)
			SetLoadedEditorAssemblies (5ms)
			RefreshPlugins (0ms)
			BeforeProcessingInitializeOnLoad (129ms)
			ProcessInitializeOnLoadAttributes (729ms)
			ProcessInitializeOnLoadMethodAttributes (131ms)
			AfterProcessingInitializeOnLoad (12ms)
			EditorAssembliesLoaded (0ms)
		ExecutionOrderSort2 (0ms)
		AwakeInstancesAfterBackupRestoration (12ms)
Launched and connected shader compiler UnityShaderCompiler.exe after 0.12 seconds
Refreshing native plugins compatible for Editor in 11.88 ms, found 3 plugins.
Preloading 0 native plugins for Editor in 0.00 ms.
Unloading 5751 Unused Serialized files (Serialized files now loaded: 0)
Unloading 86 unused Assets / (0.8 MB). Loaded Objects now: 6212.
Memory consumption went from 230.4 MB to 229.6 MB.
Total: 11.221300 ms (FindLiveObjects: 0.669300 ms CreateObjectMapping: 0.499600 ms MarkObjects: 8.711900 ms  DeleteObjects: 1.337200 ms)

AssetImportParameters requested are different than current active one (requested -> active):
  custom:container-demuxer-ogg: 62fdf1f143b41e24485cea50d1cbac27 -> 
  custom:video-decoder-ogg-theora: a1e56fd34408186e4bbccfd4996cb3dc -> 
  custom:framework-win-MediaFoundation: 216162199b28c13a410421893ffa2e32 -> 
  custom:CustomObjectIndexerAttribute: a3ef5dd2817f97addfee359851a9dba5 -> 
  custom:container-demuxer-webm: 4f35f7cbe854078d1ac9338744f61a02 -> 
  custom:scripting/monoscript/fileName/ViteAereaController.cs: 9da9806b32d4a345f7835e5451843b96 -> 
  custom:container-muxer-webm: aa71ff27fc2769a1b78a27578f13a17b -> 
  custom:video-decoder-webm-vp8: 9c59270c3fd7afecdb556c50c9e8de78 -> 
  custom:SearchIndexIgnoredProperties: e643bd26f0fe6173181afceb89e7c659 -> 
  custom:AudioImporter_EditorPlatform: d09bf68614088b80899f8185d706f6e7 -> 
  custom:video-encoder-webm-vp8: eb34c28f22e8b96e1ab97ce403110664 -> 
  custom:audio-decoder-ogg-vorbis: bf7c407c2cedff20999df2af8eb42d56 -> 
  custom:scripting/monoscript/fileName/GliderFlyingSystem.cs: 23960c3b37041279466c29cfb323afe1 -> 
  custom:audio-encoder-webm-vorbis: bf7c407c2cedff20999df2af8eb42d56 -> 
  custom:scripting/monoscript/fileName/GliderController.cs: a3a552c97ff661b909a1fbac78c136f3 -> 
========================================================================
Received Import Request.
  Time since last request: 1368782.529043 seconds.
  path: Assets/3D Haven/Free Fantasy Terrain Textures/Demo/FTT-F Demo.unity
  artifactKey: Guid(e2afd466904318e4ab524401078467a2) Importer(2089858483,3d70f49cd1c2eb9ae422958d1c652c6b)
Start importing Assets/3D Haven/Free Fantasy Terrain Textures/Demo/FTT-F Demo.unity using Guid(e2afd466904318e4ab524401078467a2) Importer(2089858483,3d70f49cd1c2eb9ae422958d1c652c6b) Opening scene 'Assets/3D Haven/Free Fantasy Terrain Textures/Demo/FTT-F Demo.unity additively'
Loaded scene 'Assets/3D Haven/Free Fantasy Terrain Textures/Demo/FTT-F Demo.unity'
	Deserialize:            16.231 ms
	Integration:            2125.536 ms
	Integration of assets:  0.005 ms
	Thread Wait Time:       70.797 ms
	Total Operation Time:   2212.569 ms
Generated GUIDs only implemented for interfaces!
 -> (artifact id: '295b2bddb072af562e98e25f4733f814') in 3.151975 seconds
Number of updated asset objects reloaded before import = 0
Number of asset objects unloaded after import = 61
========================================================================
Received Import Request.
  Time since last request: 0.000079 seconds.
  path: Assets/FlyingSystem/HelicopterFlyingSystem/Demo
  artifactKey: Guid(2352edd5806ab0246a79bda93ca5d6ac) Importer(2089858483,0ecaa5967403d082aa24f35e1b516d23)
Start importing Assets/FlyingSystem/HelicopterFlyingSystem/Demo using Guid(2352edd5806ab0246a79bda93ca5d6ac) Importer(2089858483,0ecaa5967403d082aa24f35e1b516d23) Generated GUIDs only implemented for interfaces!
 -> (artifact id: '9d02911d8eed62a17d401ed780656a30') in 0.088287 seconds
Number of updated asset objects reloaded before import = 0
Number of asset objects unloaded after import = 1
========================================================================
Received Import Request.
  Time since last request: 0.000032 seconds.
  path: Assets/FlyingSystem/Demo_Main/Mesh/Environment/Mountain/Materials/MountainMaterial.mat
  artifactKey: Guid(b7a83b7dcc8c1604686443c23b5c5abd) Importer(2089858483,0ecaa5967403d082aa24f35e1b516d23)
Start importing Assets/FlyingSystem/Demo_Main/Mesh/Environment/Mountain/Materials/MountainMaterial.mat using Guid(b7a83b7dcc8c1604686443c23b5c5abd) Importer(2089858483,0ecaa5967403d082aa24f35e1b516d23) Generated GUIDs only implemented for interfaces!
 -> (artifact id: '1a578d516bca4675e69e090277e5f7bd') in 0.208692 seconds
Number of updated asset objects reloaded before import = 0
Number of asset objects unloaded after import = 2
========================================================================
Received Import Request.
  Time since last request: 0.000031 seconds.
  path: Assets/FlyingSystem/Demo_Main/Mesh/Environment/Mountain/Materials/PlatformMaterial.mat
  artifactKey: Guid(3008303c7e0591e46abdf89e4c8f734e) Importer(2089858483,0ecaa5967403d082aa24f35e1b516d23)
Start importing Assets/FlyingSystem/Demo_Main/Mesh/Environment/Mountain/Materials/PlatformMaterial.mat using Guid(3008303c7e0591e46abdf89e4c8f734e) Importer(2089858483,0ecaa5967403d082aa24f35e1b516d23) Generated GUIDs only implemented for interfaces!
 -> (artifact id: '12d0222d575b5a40de5f20cf8bee5c6b') in 0.022620 seconds
Number of updated asset objects reloaded before import = 0
Number of asset objects unloaded after import = 1
========================================================================
Received Import Request.
  Time since last request: 0.000115 seconds.
  path: Assets/Customizable Skybox/Model/Materials/pine brown.mat
  artifactKey: Guid(23884aea9e628ee45a87314c9fd2483e) Importer(2089858483,0ecaa5967403d082aa24f35e1b516d23)
Start importing Assets/Customizable Skybox/Model/Materials/pine brown.mat using Guid(23884aea9e628ee45a87314c9fd2483e) Importer(2089858483,0ecaa5967403d082aa24f35e1b516d23) Generated GUIDs only implemented for interfaces!
 -> (artifact id: 'd137cee18fbf7c2277444f8ce2fa687c') in 0.084038 seconds
Number of updated asset objects reloaded before import = 0
Number of asset objects unloaded after import = 1
========================================================================
Received Import Request.
  Time since last request: 0.000037 seconds.
  path: Assets/FlyingSystem/AircraftFlyingSystem/Demo/Scripts
  artifactKey: Guid(feb8d42c64219584092e3973702eb21d) Importer(2089858483,0ecaa5967403d082aa24f35e1b516d23)
Start importing Assets/FlyingSystem/AircraftFlyingSystem/Demo/Scripts using Guid(feb8d42c64219584092e3973702eb21d) Importer(2089858483,0ecaa5967403d082aa24f35e1b516d23) Generated GUIDs only implemented for interfaces!
 -> (artifact id: '79b1224eb24895b41428f688a235c2e7') in 0.085266 seconds
Number of updated asset objects reloaded before import = 0
Number of asset objects unloaded after import = 1
========================================================================
Received Import Request.
  Time since last request: 0.000042 seconds.
  path: Assets/FlyingSystem/HelicopterFlyingSystem/Demo/Mesh/Helicopter/Materials
  artifactKey: Guid(44b25657f7eefeb40a75d05a04f2f5b9) Importer(2089858483,0ecaa5967403d082aa24f35e1b516d23)
Start importing Assets/FlyingSystem/HelicopterFlyingSystem/Demo/Mesh/Helicopter/Materials using Guid(44b25657f7eefeb40a75d05a04f2f5b9) Importer(2089858483,0ecaa5967403d082aa24f35e1b516d23) Generated GUIDs only implemented for interfaces!
 -> (artifact id: '011649a5bf02099de2288dd82e48fac4') in 0.028792 seconds
Number of updated asset objects reloaded before import = 0
Number of asset objects unloaded after import = 1
========================================================================
Received Import Request.
  Time since last request: 0.000067 seconds.
  path: Assets/Customizable Skybox/Stylized Sky/Materials/Sunset4.mat
  artifactKey: Guid(20f6d22d93779de4ea6f62f8ab305593) Importer(2089858483,0ecaa5967403d082aa24f35e1b516d23)
Start importing Assets/Customizable Skybox/Stylized Sky/Materials/Sunset4.mat using Guid(20f6d22d93779de4ea6f62f8ab305593) Importer(2089858483,0ecaa5967403d082aa24f35e1b516d23) Generated GUIDs only implemented for interfaces!
 -> (artifact id: 'c1458698997f8287610772b6d904f4d1') in 0.045569 seconds
Number of updated asset objects reloaded before import = 0
Number of asset objects unloaded after import = 1
========================================================================
Received Import Request.
  Time since last request: 0.000043 seconds.
  path: Assets/Customizable Skybox/Stylized Sky/Materials/Day1.mat
  artifactKey: Guid(9aa8ed67591432941bb76f12eb23ff91) Importer(2089858483,0ecaa5967403d082aa24f35e1b516d23)
Start importing Assets/Customizable Skybox/Stylized Sky/Materials/Day1.mat using Guid(9aa8ed67591432941bb76f12eb23ff91) Importer(2089858483,0ecaa5967403d082aa24f35e1b516d23) Generated GUIDs only implemented for interfaces!
 -> (artifact id: 'dba456e001990ee4a999efe96ae43ad9') in 0.046741 seconds
Number of updated asset objects reloaded before import = 0
Number of asset objects unloaded after import = 1
========================================================================
Received Import Request.
  Time since last request: 0.000025 seconds.
  path: Assets/FlyingSystem/Demo_Main/Scripts/Events
  artifactKey: Guid(75034d7cf4a6d674ab5da83d23c42812) Importer(2089858483,0ecaa5967403d082aa24f35e1b516d23)
Start importing Assets/FlyingSystem/Demo_Main/Scripts/Events using Guid(75034d7cf4a6d674ab5da83d23c42812) Importer(2089858483,0ecaa5967403d082aa24f35e1b516d23) Generated GUIDs only implemented for interfaces!
 -> (artifact id: 'c8acd0171595838ffdacf13df8ad2978') in 0.028324 seconds
Number of updated asset objects reloaded before import = 0
Number of asset objects unloaded after import = 1
========================================================================
Received Import Request.
  Time since last request: 0.000029 seconds.
  path: Assets/Scenes/Victory.unity
  artifactKey: Guid(c5dade974d58a0342a93e6ed6ff6f67d) Importer(2089858483,0ecaa5967403d082aa24f35e1b516d23)
Start importing Assets/Scenes/Victory.unity using Guid(c5dade974d58a0342a93e6ed6ff6f67d) Importer(2089858483,0ecaa5967403d082aa24f35e1b516d23) Generated GUIDs only implemented for interfaces!
 -> (artifact id: 'a2547774aa7f333499969d71096dc47a') in 0.066776 seconds
Number of updated asset objects reloaded before import = 0
Number of asset objects unloaded after import = 1
========================================================================
Received Import Request.
  Time since last request: 0.000027 seconds.
  path: Assets/FlyingSystem/Demo_Main/Mesh/Environment/Road
  artifactKey: Guid(f61ede2bbdaef8a4fb0fa5a61c684da6) Importer(2089858483,0ecaa5967403d082aa24f35e1b516d23)
Start importing Assets/FlyingSystem/Demo_Main/Mesh/Environment/Road using Guid(f61ede2bbdaef8a4fb0fa5a61c684da6) Importer(2089858483,0ecaa5967403d082aa24f35e1b516d23) Generated GUIDs only implemented for interfaces!
 -> (artifact id: '174f7236ca561e1054d009994fb30ff8') in 0.017108 seconds
Number of updated asset objects reloaded before import = 0
Number of asset objects unloaded after import = 1
========================================================================
Received Import Request.
  Time since last request: 0.000039 seconds.
  path: Assets/FlyingSystem/CreatureFlyingSystem/Demo/Mesh/Eagle/Materials/WingMaterial.mat
  artifactKey: Guid(f8835af2a6d85d8479630e56fd0e91cc) Importer(2089858483,0ecaa5967403d082aa24f35e1b516d23)
Start importing Assets/FlyingSystem/CreatureFlyingSystem/Demo/Mesh/Eagle/Materials/WingMaterial.mat using Guid(f8835af2a6d85d8479630e56fd0e91cc) Importer(2089858483,0ecaa5967403d082aa24f35e1b516d23) Generated GUIDs only implemented for interfaces!
 -> (artifact id: '273f1e82121731a0cc0ae26765f9fbd7') in 0.022609 seconds
Number of updated asset objects reloaded before import = 0
Number of asset objects unloaded after import = 1
========================================================================
Received Import Request.
  Time since last request: 0.000142 seconds.
  path: Assets/FlyingSystem/Demo_Main/Scripts/Events/TurnLeft.cs
  artifactKey: Guid(c17f91f4674428c4dac2d51718005897) Importer(2089858483,0ecaa5967403d082aa24f35e1b516d23)
Start importing Assets/FlyingSystem/Demo_Main/Scripts/Events/TurnLeft.cs using Guid(c17f91f4674428c4dac2d51718005897) Importer(2089858483,0ecaa5967403d082aa24f35e1b516d23) Generated GUIDs only implemented for interfaces!
 -> (artifact id: 'cb744ae0d37a5cd255446ebb6343dcc9') in 0.053831 seconds
Number of updated asset objects reloaded before import = 0
Number of asset objects unloaded after import = 1
========================================================================
Received Import Request.
  Time since last request: 0.000036 seconds.
  path: Assets/FlyingSystem/HelicopterFlyingSystem/Demo/Mesh/Helicopter/Helicopter.fbx
  artifactKey: Guid(1319064eb6298f449801ce510a02d8ad) Importer(2089858483,0ecaa5967403d082aa24f35e1b516d23)
Start importing Assets/FlyingSystem/HelicopterFlyingSystem/Demo/Mesh/Helicopter/Helicopter.fbx using Guid(1319064eb6298f449801ce510a02d8ad) Importer(2089858483,0ecaa5967403d082aa24f35e1b516d23) Generated GUIDs only implemented for interfaces!
 -> (artifact id: '61524f6f458018cfd889c0ac12231f57') in 0.168400 seconds
Number of updated asset objects reloaded before import = 0
Number of asset objects unloaded after import = 7
========================================================================
Received Import Request.
  Time since last request: 0.000056 seconds.
  path: Assets/FlyingSystem/Demo_Main/Mesh/Environment/Stage/Materials/StageMaterial.mat
  artifactKey: Guid(f5dedd92bda3a464cbc9b70659d387ab) Importer(2089858483,0ecaa5967403d082aa24f35e1b516d23)
Start importing Assets/FlyingSystem/Demo_Main/Mesh/Environment/Stage/Materials/StageMaterial.mat using Guid(f5dedd92bda3a464cbc9b70659d387ab) Importer(2089858483,0ecaa5967403d082aa24f35e1b516d23) Generated GUIDs only implemented for interfaces!
 -> (artifact id: '243ac748b82af2c2d7e2c7102083263d') in 0.065092 seconds
Number of updated asset objects reloaded before import = 0
Number of asset objects unloaded after import = 1
========================================================================
Received Import Request.
  Time since last request: 0.000060 seconds.
  path: Assets/FlyingSystem/CreatureFlyingSystem/Demo/Audio/EagleSound.wav
  artifactKey: Guid(6f2a6aed38918fd4a8b2a3f715a1ad83) Importer(2089858483,0ecaa5967403d082aa24f35e1b516d23)
Start importing Assets/FlyingSystem/CreatureFlyingSystem/Demo/Audio/EagleSound.wav using Guid(6f2a6aed38918fd4a8b2a3f715a1ad83) Importer(2089858483,0ecaa5967403d082aa24f35e1b516d23) Generated GUIDs only implemented for interfaces!
 -> (artifact id: 'bd706713dcc4f5c06381c3b6277e3966') in 0.287429 seconds
Number of updated asset objects reloaded before import = 0
Number of asset objects unloaded after import = 1
========================================================================
Received Import Request.
  Time since last request: 0.000075 seconds.
  path: Assets/FlyingSystem/Demo_Main/UI/Buttons/ButtonBackground.png
  artifactKey: Guid(f55d16ff22c3ff94ca9ae8dbea3b5972) Importer(2089858483,0ecaa5967403d082aa24f35e1b516d23)
Start importing Assets/FlyingSystem/Demo_Main/UI/Buttons/ButtonBackground.png using Guid(f55d16ff22c3ff94ca9ae8dbea3b5972) Importer(2089858483,0ecaa5967403d082aa24f35e1b516d23) Generated GUIDs only implemented for interfaces!
 -> (artifact id: '9e80d5fad1995bd5a7395159d0e38991') in 0.307728 seconds
Number of updated asset objects reloaded before import = 0
Number of asset objects unloaded after import = 3
========================================================================
Received Import Request.
  Time since last request: 0.000035 seconds.
  path: Assets/Sand textures pack/Sand 09/preview.jpg
  artifactKey: Guid(11a2e73c603c56348baeadc3ae3e15d5) Importer(2089858483,0ecaa5967403d082aa24f35e1b516d23)
Start importing Assets/Sand textures pack/Sand 09/preview.jpg using Guid(11a2e73c603c56348baeadc3ae3e15d5) Importer(2089858483,0ecaa5967403d082aa24f35e1b516d23) Generated GUIDs only implemented for interfaces!
 -> (artifact id: 'c2573835e5ab44584a842c214ee1785e') in 0.185572 seconds
Number of updated asset objects reloaded before import = 0
Number of asset objects unloaded after import = 1
========================================================================
Received Import Request.
  Time since last request: 0.000047 seconds.
  path: Assets/TextMesh Pro/Examples & Extras/Scenes/12 - Link Example.unity
  artifactKey: Guid(9747140c28254be2adc582210dfb89b8) Importer(2089858483,3d70f49cd1c2eb9ae422958d1c652c6b)
Start importing Assets/TextMesh Pro/Examples & Extras/Scenes/12 - Link Example.unity using Guid(9747140c28254be2adc582210dfb89b8) Importer(2089858483,3d70f49cd1c2eb9ae422958d1c652c6b) Opening scene 'Assets/TextMesh Pro/Examples & Extras/Scenes/12 - Link Example.unity additively'
LightingSettings: switching bake backend from 1 to 0.
Loaded scene 'Assets/TextMesh Pro/Examples & Extras/Scenes/12 - Link Example.unity'
	Deserialize:            112.276 ms
	Integration:            100.785 ms
	Integration of assets:  72.411 ms
	Thread Wait Time:       0.031 ms
	Total Operation Time:   285.502 ms
Generated GUIDs only implemented for interfaces!
 -> (artifact id: '2f956a1a06e601210f09365527d77104') in 0.327761 seconds
Number of updated asset objects reloaded before import = 0
Number of asset objects unloaded after import = 34
Editor requested this worker to shutdown with reason: balancing worker count downwards
TcpMessagingSession - receive error: operation aborted. errorcode: 995, details: The I/O operation has been aborted because of either a thread exit or an application request.
AssetImportWorker is now disconnected from the server
Process exiting
Exiting without the bug reporter. Application will terminate with return code 0